Initialize engine version: 4.3.4f1 (e444f76e01cd)
GfxDevice: creating device client; threaded=1
Direct3D:
    Version:  Direct3D 9.0c [nvd3dum.dll 9.18.13.2723]
    Renderer: NVIDIA GeForce GT 640 
    Vendor:   NVIDIA
    VRAM:     1990 MB (via DXGI)
    Caps:     Shader=30 DepthRT=1 NativeDepth=1 NativeShadow=1 DF16=0 INTZ=1 RAWZ=0 NULL=1 RESZ=0 SlowINTZ=0
Begin MonoManager ReloadAssembly
Platform assembly: C:\Users\computing\Desktop\CanJam14\Project Files\Builds\TestBuild4_Data\Managed\UnityEngine.dll (this message is harmless)
Loading C:\Users\computing\Desktop\CanJam14\Project Files\Builds\TestBuild4_Data\Managed\UnityEngine.dll into Unity Child Domain
Platform assembly: C:\Users\computing\Desktop\CanJam14\Project Files\Builds\TestBuild4_Data\Managed\Assembly-CSharp-firstpass.dll (this message is harmless)
Loading C:\Users\computing\Desktop\CanJam14\Project Files\Builds\TestBuild4_Data\Managed\Assembly-CSharp-firstpass.dll into Unity Child Domain
Platform assembly: C:\Users\computing\Desktop\CanJam14\Project Files\Builds\TestBuild4_Data\Managed\Assembly-CSharp.dll (this message is harmless)
Loading C:\Users\computing\Desktop\CanJam14\Project Files\Builds\TestBuild4_Data\Managed\Assembly-CSharp.dll into Unity Child Domain
Platform assembly: C:\Users\computing\Desktop\CanJam14\Project Files\Builds\TestBuild4_Data\Managed\Assembly-UnityScript-firstpass.dll (this message is harmless)
Loading C:\Users\computing\Desktop\CanJam14\Project Files\Builds\TestBuild4_Data\Managed\Assembly-UnityScript-firstpass.dll into Unity Child Domain
Platform assembly: C:\Users\computing\Desktop\CanJam14\Project Files\Builds\TestBuild4_Data\Managed\Pathfinding.Ionic.Zip.Reduced.dll (this message is harmless)
Loading C:\Users\computing\Desktop\CanJam14\Project Files\Builds\TestBuild4_Data\Managed\Pathfinding.Ionic.Zip.Reduced.dll into Unity Child Domain
Platform assembly: C:\Users\computing\Desktop\CanJam14\Project Files\Builds\TestBuild4_Data\Managed\Pathfinding.JsonFx.dll (this message is harmless)
Loading C:\Users\computing\Desktop\CanJam14\Project Files\Builds\TestBuild4_Data\Managed\Pathfinding.JsonFx.dll into Unity Child Domain
- Completed reload, in  0.041 seconds
desktop: 1920x1080 60Hz; virtual: 1920x1080 at 0,0
<RI> Initializing input.
<RI> Input initialized.
Platform assembly: C:\Users\computing\Desktop\CanJam14\Project Files\Builds\TestBuild4_Data\Managed\System.dll (this message is harmless)
Platform assembly: C:\Users\computing\Desktop\CanJam14\Project Files\Builds\TestBuild4_Data\Managed\System.Core.dll (this message is harmless)
UnloadTime: 0.777452 ms
Scanning - Process took 136 ms to complete
 
(Filename: C:/BuildAgent/work/d3d49558e4d408f4/artifacts/StandalonePlayerGenerated/UnityEngineDebug.cpp Line: 53)

Unloading 4 Unused Serialized files (Serialized files now loaded: 0 / Dirty serialized files: 0)

Unloading 4 unused Assets to reduce memory usage. Loaded Objects now: 61702.
Total: 17.520157 ms (FindLiveObjects: 2.487307 ms CreateObjectMapping: 1.291249 ms MarkObjects: 13.254828 ms  DeleteObjects: 0.093090 ms)

Ignore collision failed. Both colliders need to be activated when calling this IgnoreCollision
 
(Filename:  Line: 1296)

Platform assembly: C:\Users\computing\Desktop\CanJam14\Project Files\Builds\TestBuild4_Data\Managed\Boo.Lang.dll (this message is harmless)
Path Completed : Computation Time 4.00 ms Searched Nodes 956 Path Length 60
Path Number 1
 
(Filename: C:/BuildAgent/work/d3d49558e4d408f4/artifacts/StandalonePlayerGenerated/UnityEngineDebug.cpp Line: 53)

Path Completed : Computation Time 4.00 ms Searched Nodes 3509 Path Length 91
Path Number 2
 
(Filename: C:/BuildAgent/work/d3d49558e4d408f4/artifacts/StandalonePlayerGenerated/UnityEngineDebug.cpp Line: 53)

Path Completed : Computation Time 1.00 ms Searched Nodes 0 Path Length 1
Path Number 3
 
(Filename: C:/BuildAgent/work/d3d49558e4d408f4/artifacts/StandalonePlayerGenerated/UnityEngineDebug.cpp Line: 53)

Path Completed : Computation Time 3.00 ms Searched Nodes 3273 Path Length 79
Path Number 4
 
(Filename: C:/BuildAgent/work/d3d49558e4d408f4/artifacts/StandalonePlayerGenerated/UnityEngineDebug.cpp Line: 53)

Path Completed : Computation Time 1.00 ms Searched Nodes 2630 Path Length 85
Path Number 5
 
(Filename: C:/BuildAgent/work/d3d49558e4d408f4/artifacts/StandalonePlayerGenerated/UnityEngineDebug.cpp Line: 53)

Couldn't find a close node to the end point
 
(Filename: C:/BuildAgent/work/d3d49558e4d408f4/artifacts/StandalonePlayerGenerated/UnityEngineDebug.cpp Line: 53)

Path Failed : Computation Time 0.00 ms Searched Nodes 0
Error: Couldn't find a close node to the end point
Path Number 6
 
(Filename: C:/BuildAgent/work/d3d49558e4d408f4/artifacts/StandalonePlayerGenerated/UnityEngineDebug.cpp Line: 53)

Path Completed : Computation Time 1.00 ms Searched Nodes 940 Path Length 59
Path Number 7
 
(Filename: C:/BuildAgent/work/d3d49558e4d408f4/artifacts/StandalonePlayerGenerated/UnityEngineDebug.cpp Line: 53)

Path Completed : Computation Time 2.00 ms Searched Nodes 3509 Path Length 91
Path Number 8
 
(Filename: C:/BuildAgent/work/d3d49558e4d408f4/artifacts/StandalonePlayerGenerated/UnityEngineDebug.cpp Line: 53)

Path Completed : Computation Time 0.00 ms Searched Nodes 0 Path Length 1
Path Number 9
 
(Filename: C:/BuildAgent/work/d3d49558e4d408f4/artifacts/StandalonePlayerGenerated/UnityEngineDebug.cpp Line: 53)

Path Completed : Computation Time 5.00 ms Searched Nodes 3309 Path Length 79
Path Number 10
 
(Filename: C:/BuildAgent/work/d3d49558e4d408f4/artifacts/StandalonePlayerGenerated/UnityEngineDebug.cpp Line: 53)

Couldn't find a close node to the end point
 
(Filename: C:/BuildAgent/work/d3d49558e4d408f4/artifacts/StandalonePlayerGenerated/UnityEngineDebug.cpp Line: 53)

Path Failed : Computation Time 0.00 ms Searched Nodes 0
Error: Couldn't find a close node to the end point
Path Number 11
 
(Filename: C:/BuildAgent/work/d3d49558e4d408f4/artifacts/StandalonePlayerGenerated/UnityEngineDebug.cpp Line: 53)

Path Completed : Computation Time 2.00 ms Searched Nodes 2630 Path Length 85
Path Number 12
 
(Filename: C:/BuildAgent/work/d3d49558e4d408f4/artifacts/StandalonePlayerGenerated/UnityEngineDebug.cpp Line: 53)

Path Completed : Computation Time 0.00 ms Searched Nodes 916 Path Length 58
Path Number 13
 
(Filename: C:/BuildAgent/work/d3d49558e4d408f4/artifacts/StandalonePlayerGenerated/UnityEngineDebug.cpp Line: 53)

Path Completed : Computation Time 0.00 ms Searched Nodes 0 Path Length 1
Path Number 14
 
(Filename: C:/BuildAgent/work/d3d49558e4d408f4/artifacts/StandalonePlayerGenerated/UnityEngineDebug.cpp Line: 53)

Path Completed : Computation Time 4.00 ms Searched Nodes 3453 Path Length 90
Path Number 15
 
(Filename: C:/BuildAgent/work/d3d49558e4d408f4/artifacts/StandalonePlayerGenerated/UnityEngineDebug.cpp Line: 53)

Couldn't find a close node to the end point
 
(Filename: C:/BuildAgent/work/d3d49558e4d408f4/artifacts/StandalonePlayerGenerated/UnityEngineDebug.cpp Line: 53)

Path Failed : Computation Time 0.00 ms Searched Nodes 0
Error: Couldn't find a close node to the end point
Path Number 16
 
(Filename: C:/BuildAgent/work/d3d49558e4d408f4/artifacts/StandalonePlayerGenerated/UnityEngineDebug.cpp Line: 53)

Path Completed : Computation Time 3.00 ms Searched Nodes 3231 Path Length 78
Path Number 17
 
(Filename: C:/BuildAgent/work/d3d49558e4d408f4/artifacts/StandalonePlayerGenerated/UnityEngineDebug.cpp Line: 53)

Path Completed : Computation Time 2.00 ms Searched Nodes 2588 Path Length 84
Path Number 18
 
(Filename: C:/BuildAgent/work/d3d49558e4d408f4/artifacts/StandalonePlayerGenerated/UnityEngineDebug.cpp Line: 53)

Path Completed : Computation Time 1.00 ms Searched Nodes 887 Path Length 57
Path Number 19
 
(Filename: C:/BuildAgent/work/d3d49558e4d408f4/artifacts/StandalonePlayerGenerated/UnityEngineDebug.cpp Line: 53)

Path Completed : Computation Time 0.00 ms Searched Nodes 0 Path Length 1
Path Number 20
 
(Filename: C:/BuildAgent/work/d3d49558e4d408f4/artifacts/StandalonePlayerGenerated/UnityEngineDebug.cpp Line: 53)

Couldn't find a close node to the end point
 
(Filename: C:/BuildAgent/work/d3d49558e4d408f4/artifacts/StandalonePlayerGenerated/UnityEngineDebug.cpp Line: 53)

Path Failed : Computation Time 0.00 ms Searched Nodes 0
Error: Couldn't find a close node to the end point
Path Number 21
 
(Filename: C:/BuildAgent/work/d3d49558e4d408f4/artifacts/StandalonePlayerGenerated/UnityEngineDebug.cpp Line: 53)

Path Completed : Computation Time 3.00 ms Searched Nodes 3414 Path Length 89
Path Number 22
 
(Filename: C:/BuildAgent/work/d3d49558e4d408f4/artifacts/StandalonePlayerGenerated/UnityEngineDebug.cpp Line: 53)

Path Completed : Computation Time 3.00 ms Searched Nodes 3148 Path Length 77
Path Number 23
 
(Filename: C:/BuildAgent/work/d3d49558e4d408f4/artifacts/StandalonePlayerGenerated/UnityEngineDebug.cpp Line: 53)

Path Completed : Computation Time 2.00 ms Searched Nodes 2555 Path Length 83
Path Number 24
 
(Filename: C:/BuildAgent/work/d3d49558e4d408f4/artifacts/StandalonePlayerGenerated/UnityEngineDebug.cpp Line: 53)

Couldn't find a close node to the end point
 
(Filename: C:/BuildAgent/work/d3d49558e4d408f4/artifacts/StandalonePlayerGenerated/UnityEngineDebug.cpp Line: 53)

Path Failed : Computation Time 0.00 ms Searched Nodes 0
Error: Couldn't find a close node to the end point
Path Number 25
 
(Filename: C:/BuildAgent/work/d3d49558e4d408f4/artifacts/StandalonePlayerGenerated/UnityEngineDebug.cpp Line: 53)

Path Completed : Computation Time 0.00 ms Searched Nodes 0 Path Length 1
Path Number 26
 
(Filename: C:/BuildAgent/work/d3d49558e4d408f4/artifacts/StandalonePlayerGenerated/UnityEngineDebug.cpp Line: 53)

Path Completed : Computation Time 0.00 ms Searched Nodes 877 Path Length 56
Path Number 27
 
(Filename: C:/BuildAgent/work/d3d49558e4d408f4/artifacts/StandalonePlayerGenerated/UnityEngineDebug.cpp Line: 53)

Path Completed : Computation Time 3.00 ms Searched Nodes 3299 Path Length 87
Path Number 28
 
(Filename: C:/BuildAgent/work/d3d49558e4d408f4/artifacts/StandalonePlayerGenerated/UnityEngineDebug.cpp Line: 53)

Path Completed : Computation Time 2.00 ms Searched Nodes 3134 Path Length 77
Path Number 29
 
(Filename: C:/BuildAgent/work/d3d49558e4d408f4/artifacts/StandalonePlayerGenerated/UnityEngineDebug.cpp Line: 53)

Path Completed : Computation Time 2.00 ms Searched Nodes 2519 Path Length 82
Path Number 30
 
(Filename: C:/BuildAgent/work/d3d49558e4d408f4/artifacts/StandalonePlayerGenerated/UnityEngineDebug.cpp Line: 53)

Couldn't find a close node to the end point
 
(Filename: C:/BuildAgent/work/d3d49558e4d408f4/artifacts/StandalonePlayerGenerated/UnityEngineDebug.cpp Line: 53)

Path Failed : Computation Time 0.00 ms Searched Nodes 0
Error: Couldn't find a close node to the end point
Path Number 31
 
(Filename: C:/BuildAgent/work/d3d49558e4d408f4/artifacts/StandalonePlayerGenerated/UnityEngineDebug.cpp Line: 53)

Path Completed : Computation Time 0.00 ms Searched Nodes 0 Path Length 1
Path Number 32
 
(Filename: C:/BuildAgent/work/d3d49558e4d408f4/artifacts/StandalonePlayerGenerated/UnityEngineDebug.cpp Line: 53)

Path Completed : Computation Time 0.00 ms Searched Nodes 828 Path Length 56
Path Number 33
 
(Filename: C:/BuildAgent/work/d3d49558e4d408f4/artifacts/StandalonePlayerGenerated/UnityEngineDebug.cpp Line: 53)

Path Completed : Computation Time 2.00 ms Searched Nodes 3323 Path Length 86
Path Number 34
 
(Filename: C:/BuildAgent/work/d3d49558e4d408f4/artifacts/StandalonePlayerGenerated/UnityEngineDebug.cpp Line: 53)

Path Completed : Computation Time 3.00 ms Searched Nodes 3069 Path Length 76
Path Number 35
 
(Filename: C:/BuildAgent/work/d3d49558e4d408f4/artifacts/StandalonePlayerGenerated/UnityEngineDebug.cpp Line: 53)

Path Completed : Computation Time 2.00 ms Searched Nodes 2521 Path Length 80
Path Number 36
 
(Filename: C:/BuildAgent/work/d3d49558e4d408f4/artifacts/StandalonePlayerGenerated/UnityEngineDebug.cpp Line: 53)

Couldn't find a close node to the end point
 
(Filename: C:/BuildAgent/work/d3d49558e4d408f4/artifacts/StandalonePlayerGenerated/UnityEngineDebug.cpp Line: 53)

Path Failed : Computation Time 0.00 ms Searched Nodes 0
Error: Couldn't find a close node to the end point
Path Number 37
 
(Filename: C:/BuildAgent/work/d3d49558e4d408f4/artifacts/StandalonePlayerGenerated/UnityEngineDebug.cpp Line: 53)

Path Completed : Computation Time 1.00 ms Searched Nodes 0 Path Length 1
Path Number 38
 
(Filename: C:/BuildAgent/work/d3d49558e4d408f4/artifacts/StandalonePlayerGenerated/UnityEngineDebug.cpp Line: 53)

Path Completed : Computation Time 0.00 ms Searched Nodes 781 Path Length 56
Path Number 39
 
(Filename: C:/BuildAgent/work/d3d49558e4d408f4/artifacts/StandalonePlayerGenerated/UnityEngineDebug.cpp Line: 53)

Path Completed : Computation Time 5.00 ms Searched Nodes 3681 Path Length 85
Path Number 40
 
(Filename: C:/BuildAgent/work/d3d49558e4d408f4/artifacts/StandalonePlayerGenerated/UnityEngineDebug.cpp Line: 53)

Path Completed : Computation Time 2.00 ms Searched Nodes 3347 Path Length 75
Path Number 41
 
(Filename: C:/BuildAgent/work/d3d49558e4d408f4/artifacts/StandalonePlayerGenerated/UnityEngineDebug.cpp Line: 53)

Path Completed : Computation Time 1.00 ms Searched Nodes 2819 Path Length 79
Path Number 42
 
(Filename: C:/BuildAgent/work/d3d49558e4d408f4/artifacts/StandalonePlayerGenerated/UnityEngineDebug.cpp Line: 53)

Couldn't find a close node to the end point
 
(Filename: C:/BuildAgent/work/d3d49558e4d408f4/artifacts/StandalonePlayerGenerated/UnityEngineDebug.cpp Line: 53)

Path Failed : Computation Time 0.00 ms Searched Nodes 0
Error: Couldn't find a close node to the end point
Path Number 43
 
(Filename: C:/BuildAgent/work/d3d49558e4d408f4/artifacts/StandalonePlayerGenerated/UnityEngineDebug.cpp Line: 53)

Path Completed : Computation Time 0.00 ms Searched Nodes 0 Path Length 1
Path Number 44
 
(Filename: C:/BuildAgent/work/d3d49558e4d408f4/artifacts/StandalonePlayerGenerated/UnityEngineDebug.cpp Line: 53)

Path Completed : Computation Time 0.00 ms Searched Nodes 584 Path Length 54
Path Number 45
 
(Filename: C:/BuildAgent/work/d3d49558e4d408f4/artifacts/StandalonePlayerGenerated/UnityEngineDebug.cpp Line: 53)

Path Completed : Computation Time 2.00 ms Searched Nodes 3018 Path Length 82
Path Number 46
 
(Filename: C:/BuildAgent/work/d3d49558e4d408f4/artifacts/StandalonePlayerGenerated/UnityEngineDebug.cpp Line: 53)

Path Completed : Computation Time 3.00 ms Searched Nodes 2479 Path Length 72
Path Number 47
 
(Filename: C:/BuildAgent/work/d3d49558e4d408f4/artifacts/StandalonePlayerGenerated/UnityEngineDebug.cpp Line: 53)

Path Completed : Computation Time 2.00 ms Searched Nodes 2251 Path Length 76
Path Number 48
 
(Filename: C:/BuildAgent/work/d3d49558e4d408f4/artifacts/StandalonePlayerGenerated/UnityEngineDebug.cpp Line: 53)

Couldn't find a close node to the end point
 
(Filename: C:/BuildAgent/work/d3d49558e4d408f4/artifacts/StandalonePlayerGenerated/UnityEngineDebug.cpp Line: 53)

Path Failed : Computation Time 0.00 ms Searched Nodes 0
Error: Couldn't find a close node to the end point
Path Number 49
 
(Filename: C:/BuildAgent/work/d3d49558e4d408f4/artifacts/StandalonePlayerGenerated/UnityEngineDebug.cpp Line: 53)

Path Completed : Computation Time 0.00 ms Searched Nodes 0 Path Length 1
Path Number 50
 
(Filename: C:/BuildAgent/work/d3d49558e4d408f4/artifacts/StandalonePlayerGenerated/UnityEngineDebug.cpp Line: 53)

Path Completed : Computation Time 0.00 ms Searched Nodes 528 Path Length 53
Path Number 51
 
(Filename: C:/BuildAgent/work/d3d49558e4d408f4/artifacts/StandalonePlayerGenerated/UnityEngineDebug.cpp Line: 53)

Path Completed : Computation Time 3.00 ms Searched Nodes 3172 Path Length 80
Path Number 52
 
(Filename: C:/BuildAgent/work/d3d49558e4d408f4/artifacts/StandalonePlayerGenerated/UnityEngineDebug.cpp Line: 53)

Path Completed : Computation Time 2.00 ms Searched Nodes 2641 Path Length 70
Path Number 53
 
(Filename: C:/BuildAgent/work/d3d49558e4d408f4/artifacts/StandalonePlayerGenerated/UnityEngineDebug.cpp Line: 53)

Path Completed : Computation Time 1.00 ms Searched Nodes 2434 Path Length 74
Path Number 54
 
(Filename: C:/BuildAgent/work/d3d49558e4d408f4/artifacts/StandalonePlayerGenerated/UnityEngineDebug.cpp Line: 53)

Couldn't find a close node to the end point
 
(Filename: C:/BuildAgent/work/d3d49558e4d408f4/artifacts/StandalonePlayerGenerated/UnityEngineDebug.cpp Line: 53)

Path Failed : Computation Time 0.00 ms Searched Nodes 0
Error: Couldn't find a close node to the end point
Path Number 55
 
(Filename: C:/BuildAgent/work/d3d49558e4d408f4/artifacts/StandalonePlayerGenerated/UnityEngineDebug.cpp Line: 53)

Path Completed : Computation Time 0.00 ms Searched Nodes 0 Path Length 1
Path Number 56
 
(Filename: C:/BuildAgent/work/d3d49558e4d408f4/artifacts/StandalonePlayerGenerated/UnityEngineDebug.cpp Line: 53)

Path Completed : Computation Time 0.00 ms Searched Nodes 506 Path Length 51
Path Number 57
 
(Filename: C:/BuildAgent/work/d3d49558e4d408f4/artifacts/StandalonePlayerGenerated/UnityEngineDebug.cpp Line: 53)

Path Completed : Computation Time 2.00 ms Searched Nodes 2631 Path Length 77
Path Number 58
 
(Filename: C:/BuildAgent/work/d3d49558e4d408f4/artifacts/StandalonePlayerGenerated/UnityEngineDebug.cpp Line: 53)

Path Completed : Computation Time 2.00 ms Searched Nodes 2066 Path Length 67
Path Number 59
 
(Filename: C:/BuildAgent/work/d3d49558e4d408f4/artifacts/StandalonePlayerGenerated/UnityEngineDebug.cpp Line: 53)

Path Completed : Computation Time 2.00 ms Searched Nodes 1993 Path Length 70
Path Number 60
 
(Filename: C:/BuildAgent/work/d3d49558e4d408f4/artifacts/StandalonePlayerGenerated/UnityEngineDebug.cpp Line: 53)

Couldn't find a close node to the end point
 
(Filename: C:/BuildAgent/work/d3d49558e4d408f4/artifacts/StandalonePlayerGenerated/UnityEngineDebug.cpp Line: 53)

Path Failed : Computation Time 0.00 ms Searched Nodes 0
Error: Couldn't find a close node to the end point
Path Number 61
 
(Filename: C:/BuildAgent/work/d3d49558e4d408f4/artifacts/StandalonePlayerGenerated/UnityEngineDebug.cpp Line: 53)

Path Completed : Computation Time 0.00 ms Searched Nodes 0 Path Length 1
Path Number 62
 
(Filename: C:/BuildAgent/work/d3d49558e4d408f4/artifacts/StandalonePlayerGenerated/UnityEngineDebug.cpp Line: 53)

Path Completed : Computation Time 1.00 ms Searched Nodes 559 Path Length 50
Path Number 63
 
(Filename: C:/BuildAgent/work/d3d49558e4d408f4/artifacts/StandalonePlayerGenerated/UnityEngineDebug.cpp Line: 53)

Path Completed : Computation Time 5.00 ms Searched Nodes 2581 Path Length 75
Path Number 64
 
(Filename: C:/BuildAgent/work/d3d49558e4d408f4/artifacts/StandalonePlayerGenerated/UnityEngineDebug.cpp Line: 53)

Path Completed : Computation Time 2.00 ms Searched Nodes 2024 Path Length 65
Path Number 65
 
(Filename: C:/BuildAgent/work/d3d49558e4d408f4/artifacts/StandalonePlayerGenerated/UnityEngineDebug.cpp Line: 53)

Path Completed : Computation Time 2.00 ms Searched Nodes 1987 Path Length 68
Path Number 66
 
(Filename: C:/BuildAgent/work/d3d49558e4d408f4/artifacts/StandalonePlayerGenerated/UnityEngineDebug.cpp Line: 53)

Couldn't find a close node to the end point
 
(Filename: C:/BuildAgent/work/d3d49558e4d408f4/artifacts/StandalonePlayerGenerated/UnityEngineDebug.cpp Line: 53)

Path Failed : Computation Time 0.00 ms Searched Nodes 0
Error: Couldn't find a close node to the end point
Path Number 67
 
(Filename: C:/BuildAgent/work/d3d49558e4d408f4/artifacts/StandalonePlayerGenerated/UnityEngineDebug.cpp Line: 53)

Path Completed : Computation Time 0.00 ms Searched Nodes 0 Path Length 1
Path Number 68
 
(Filename: C:/BuildAgent/work/d3d49558e4d408f4/artifacts/StandalonePlayerGenerated/UnityEngineDebug.cpp Line: 53)

Path Completed : Computation Time 0.00 ms Searched Nodes 556 Path Length 50
Path Number 69
 
(Filename: C:/BuildAgent/work/d3d49558e4d408f4/artifacts/StandalonePlayerGenerated/UnityEngineDebug.cpp Line: 53)

Path Completed : Computation Time 2.00 ms Searched Nodes 2679 Path Length 74
Path Number 70
 
(Filename: C:/BuildAgent/work/d3d49558e4d408f4/artifacts/StandalonePlayerGenerated/UnityEngineDebug.cpp Line: 53)

Path Completed : Computation Time 3.00 ms Searched Nodes 2313 Path Length 65
Path Number 71
 
(Filename: C:/BuildAgent/work/d3d49558e4d408f4/artifacts/StandalonePlayerGenerated/UnityEngineDebug.cpp Line: 53)

Path Completed : Computation Time 1.00 ms Searched Nodes 2113 Path Length 67
Path Number 72
 
(Filename: C:/BuildAgent/work/d3d49558e4d408f4/artifacts/StandalonePlayerGenerated/UnityEngineDebug.cpp Line: 53)

Couldn't find a close node to the end point
 
(Filename: C:/BuildAgent/work/d3d49558e4d408f4/artifacts/StandalonePlayerGenerated/UnityEngineDebug.cpp Line: 53)

Path Failed : Computation Time 0.00 ms Searched Nodes 0
Error: Couldn't find a close node to the end point
Path Number 73
 
(Filename: C:/BuildAgent/work/d3d49558e4d408f4/artifacts/StandalonePlayerGenerated/UnityEngineDebug.cpp Line: 53)

Path Completed : Computation Time 1.00 ms Searched Nodes 0 Path Length 1
Path Number 74
 
(Filename: C:/BuildAgent/work/d3d49558e4d408f4/artifacts/StandalonePlayerGenerated/UnityEngineDebug.cpp Line: 53)

Path Completed : Computation Time 0.00 ms Searched Nodes 536 Path Length 50
Path Number 75
 
(Filename: C:/BuildAgent/work/d3d49558e4d408f4/artifacts/StandalonePlayerGenerated/UnityEngineDebug.cpp Line: 53)

Path Completed : Computation Time 1.00 ms Searched Nodes 2230 Path Length 73
Path Number 76
 
(Filename: C:/BuildAgent/work/d3d49558e4d408f4/artifacts/StandalonePlayerGenerated/UnityEngineDebug.cpp Line: 53)

Path Completed : Computation Time 1.00 ms Searched Nodes 1932 Path Length 64
Path Number 77
 
(Filename: C:/BuildAgent/work/d3d49558e4d408f4/artifacts/StandalonePlayerGenerated/UnityEngineDebug.cpp Line: 53)

Path Completed : Computation Time 2.00 ms Searched Nodes 1731 Path Length 66
Path Number 78
 
(Filename: C:/BuildAgent/work/d3d49558e4d408f4/artifacts/StandalonePlayerGenerated/UnityEngineDebug.cpp Line: 53)

Couldn't find a close node to the end point
 
(Filename: C:/BuildAgent/work/d3d49558e4d408f4/artifacts/StandalonePlayerGenerated/UnityEngineDebug.cpp Line: 53)

Path Failed : Computation Time 0.00 ms Searched Nodes 0
Error: Couldn't find a close node to the end point
Path Number 79
 
(Filename: C:/BuildAgent/work/d3d49558e4d408f4/artifacts/StandalonePlayerGenerated/UnityEngineDebug.cpp Line: 53)

Path Completed : Computation Time 0.00 ms Searched Nodes 0 Path Length 1
Path Number 80
 
(Filename: C:/BuildAgent/work/d3d49558e4d408f4/artifacts/StandalonePlayerGenerated/UnityEngineDebug.cpp Line: 53)

Path Completed : Computation Time 0.00 ms Searched Nodes 587 Path Length 51
Path Number 81
 
(Filename: C:/BuildAgent/work/d3d49558e4d408f4/artifacts/StandalonePlayerGenerated/UnityEngineDebug.cpp Line: 53)

Path Completed : Computation Time 2.00 ms Searched Nodes 2320 Path Length 73
Path Number 82
 
(Filename: C:/BuildAgent/work/d3d49558e4d408f4/artifacts/StandalonePlayerGenerated/UnityEngineDebug.cpp Line: 53)

Path Completed : Computation Time 3.00 ms Searched Nodes 2093 Path Length 64
Path Number 83
 
(Filename: C:/BuildAgent/work/d3d49558e4d408f4/artifacts/StandalonePlayerGenerated/UnityEngineDebug.cpp Line: 53)

Path Completed : Computation Time 0.00 ms Searched Nodes 1695 Path Length 65
Path Number 84
 
(Filename: C:/BuildAgent/work/d3d49558e4d408f4/artifacts/StandalonePlayerGenerated/UnityEngineDebug.cpp Line: 53)

Couldn't find a close node to the end point
 
(Filename: C:/BuildAgent/work/d3d49558e4d408f4/artifacts/StandalonePlayerGenerated/UnityEngineDebug.cpp Line: 53)

Path Failed : Computation Time 0.00 ms Searched Nodes 0
Error: Couldn't find a close node to the end point
Path Number 85
 
(Filename: C:/BuildAgent/work/d3d49558e4d408f4/artifacts/StandalonePlayerGenerated/UnityEngineDebug.cpp Line: 53)

Path Completed : Computation Time 0.00 ms Searched Nodes 0 Path Length 1
Path Number 86
 
(Filename: C:/BuildAgent/work/d3d49558e4d408f4/artifacts/StandalonePlayerGenerated/UnityEngineDebug.cpp Line: 53)

Path Completed : Computation Time 0.00 ms Searched Nodes 807 Path Length 51
Path Number 87
 
(Filename: C:/BuildAgent/work/d3d49558e4d408f4/artifacts/StandalonePlayerGenerated/UnityEngineDebug.cpp Line: 53)

Path Completed : Computation Time 3.00 ms Searched Nodes 2193 Path Length 72
Path Number 88
 
(Filename: C:/BuildAgent/work/d3d49558e4d408f4/artifacts/StandalonePlayerGenerated/UnityEngineDebug.cpp Line: 53)

Path Completed : Computation Time 2.00 ms Searched Nodes 2049 Path Length 63
Path Number 89
 
(Filename: C:/BuildAgent/work/d3d49558e4d408f4/artifacts/StandalonePlayerGenerated/UnityEngineDebug.cpp Line: 53)

Path Completed : Computation Time 2.00 ms Searched Nodes 1651 Path Length 64
Path Number 90
 
(Filename: C:/BuildAgent/work/d3d49558e4d408f4/artifacts/StandalonePlayerGenerated/UnityEngineDebug.cpp Line: 53)

Couldn't find a close node to the end point
 
(Filename: C:/BuildAgent/work/d3d49558e4d408f4/artifacts/StandalonePlayerGenerated/UnityEngineDebug.cpp Line: 53)

Path Failed : Computation Time 0.00 ms Searched Nodes 0
Error: Couldn't find a close node to the end point
Path Number 91
 
(Filename: C:/BuildAgent/work/d3d49558e4d408f4/artifacts/StandalonePlayerGenerated/UnityEngineDebug.cpp Line: 53)

Path Completed : Computation Time 1.00 ms Searched Nodes 0 Path Length 1
Path Number 92
 
(Filename: C:/BuildAgent/work/d3d49558e4d408f4/artifacts/StandalonePlayerGenerated/UnityEngineDebug.cpp Line: 53)

Path Completed : Computation Time 0.00 ms Searched Nodes 853 Path Length 52
Path Number 93
 
(Filename: C:/BuildAgent/work/d3d49558e4d408f4/artifacts/StandalonePlayerGenerated/UnityEngineDebug.cpp Line: 53)

Path Completed : Computation Time 2.00 ms Searched Nodes 2131 Path Length 72
Path Number 94
 
(Filename: C:/BuildAgent/work/d3d49558e4d408f4/artifacts/StandalonePlayerGenerated/UnityEngineDebug.cpp Line: 53)

Path Completed : Computation Time 1.00 ms Searched Nodes 2013 Path Length 63
Path Number 95
 
(Filename: C:/BuildAgent/work/d3d49558e4d408f4/artifacts/StandalonePlayerGenerated/UnityEngineDebug.cpp Line: 53)

Path Completed : Computation Time 1.00 ms Searched Nodes 1606 Path Length 64
Path Number 96
 
(Filename: C:/BuildAgent/work/d3d49558e4d408f4/artifacts/StandalonePlayerGenerated/UnityEngineDebug.cpp Line: 53)

Couldn't find a close node to the end point
 
(Filename: C:/BuildAgent/work/d3d49558e4d408f4/artifacts/StandalonePlayerGenerated/UnityEngineDebug.cpp Line: 53)

Path Failed : Computation Time 0.00 ms Searched Nodes 0
Error: Couldn't find a close node to the end point
Path Number 97
 
(Filename: C:/BuildAgent/work/d3d49558e4d408f4/artifacts/StandalonePlayerGenerated/UnityEngineDebug.cpp Line: 53)

Path Completed : Computation Time 1.00 ms Searched Nodes 296 Path Length 46
Path Number 98
 
(Filename: C:/BuildAgent/work/d3d49558e4d408f4/artifacts/StandalonePlayerGenerated/UnityEngineDebug.cpp Line: 53)

Path Completed : Computation Time 2.00 ms Searched Nodes 1035 Path Length 53
Path Number 99
 
(Filename: C:/BuildAgent/work/d3d49558e4d408f4/artifacts/StandalonePlayerGenerated/UnityEngineDebug.cpp Line: 53)

Path Completed : Computation Time 2.00 ms Searched Nodes 2302 Path Length 72
Path Number 100
 
(Filename: C:/BuildAgent/work/d3d49558e4d408f4/artifacts/StandalonePlayerGenerated/UnityEngineDebug.cpp Line: 53)

Path Completed : Computation Time 3.00 ms Searched Nodes 2214 Path Length 63
Path Number 101
 
(Filename: C:/BuildAgent/work/d3d49558e4d408f4/artifacts/StandalonePlayerGenerated/UnityEngineDebug.cpp Line: 53)

Path Completed : Computation Time 3.00 ms Searched Nodes 1693 Path Length 63
Path Number 102
 
(Filename: C:/BuildAgent/work/d3d49558e4d408f4/artifacts/StandalonePlayerGenerated/UnityEngineDebug.cpp Line: 53)

Couldn't find a close node to the end point
 
(Filename: C:/BuildAgent/work/d3d49558e4d408f4/artifacts/StandalonePlayerGenerated/UnityEngineDebug.cpp Line: 53)

Path Failed : Computation Time 0.00 ms Searched Nodes 0
Error: Couldn't find a close node to the end point
Path Number 103
 
(Filename: C:/BuildAgent/work/d3d49558e4d408f4/artifacts/StandalonePlayerGenerated/UnityEngineDebug.cpp Line: 53)

Path Completed : Computation Time 0.00 ms Searched Nodes 253 Path Length 45
Path Number 104
 
(Filename: C:/BuildAgent/work/d3d49558e4d408f4/artifacts/StandalonePlayerGenerated/UnityEngineDebug.cpp Line: 53)

Path Completed : Computation Time 1.00 ms Searched Nodes 953 Path Length 53
Path Number 105
 
(Filename: C:/BuildAgent/work/d3d49558e4d408f4/artifacts/StandalonePlayerGenerated/UnityEngineDebug.cpp Line: 53)

Path Completed : Computation Time 2.00 ms Searched Nodes 2069 Path Length 70
Path Number 106
 
(Filename: C:/BuildAgent/work/d3d49558e4d408f4/artifacts/StandalonePlayerGenerated/UnityEngineDebug.cpp Line: 53)

Path Completed : Computation Time 2.00 ms Searched Nodes 2020 Path Length 62
Path Number 107
 
(Filename: C:/BuildAgent/work/d3d49558e4d408f4/artifacts/StandalonePlayerGenerated/UnityEngineDebug.cpp Line: 53)

Path Completed : Computation Time 1.00 ms Searched Nodes 1525 Path Length 62
Path Number 108
 
(Filename: C:/BuildAgent/work/d3d49558e4d408f4/artifacts/StandalonePlayerGenerated/UnityEngineDebug.cpp Line: 53)

Couldn't find a close node to the end point
 
(Filename: C:/BuildAgent/work/d3d49558e4d408f4/artifacts/StandalonePlayerGenerated/UnityEngineDebug.cpp Line: 53)

Path Failed : Computation Time 0.00 ms Searched Nodes 0
Error: Couldn't find a close node to the end point
Path Number 109
 
(Filename: C:/BuildAgent/work/d3d49558e4d408f4/artifacts/StandalonePlayerGenerated/UnityEngineDebug.cpp Line: 53)

Path Completed : Computation Time 0.00 ms Searched Nodes 294 Path Length 44
Path Number 110
 
(Filename: C:/BuildAgent/work/d3d49558e4d408f4/artifacts/StandalonePlayerGenerated/UnityEngineDebug.cpp Line: 53)

Path Completed : Computation Time 0.00 ms Searched Nodes 966 Path Length 53
Path Number 111
 
(Filename: C:/BuildAgent/work/d3d49558e4d408f4/artifacts/StandalonePlayerGenerated/UnityEngineDebug.cpp Line: 53)

Path Completed : Computation Time 2.00 ms Searched Nodes 1758 Path Length 69
Path Number 112
 
(Filename: C:/BuildAgent/work/d3d49558e4d408f4/artifacts/StandalonePlayerGenerated/UnityEngineDebug.cpp Line: 53)

Path Completed : Computation Time 2.00 ms Searched Nodes 1687 Path Length 61
Path Number 113
 
(Filename: C:/BuildAgent/work/d3d49558e4d408f4/artifacts/StandalonePlayerGenerated/UnityEngineDebug.cpp Line: 53)

Path Completed : Computation Time 2.00 ms Searched Nodes 1251 Path Length 61
Path Number 114
 
(Filename: C:/BuildAgent/work/d3d49558e4d408f4/artifacts/StandalonePlayerGenerated/UnityEngineDebug.cpp Line: 53)

Couldn't find a close node to the end point
 
(Filename: C:/BuildAgent/work/d3d49558e4d408f4/artifacts/StandalonePlayerGenerated/UnityEngineDebug.cpp Line: 53)

Path Failed : Computation Time 0.00 ms Searched Nodes 0
Error: Couldn't find a close node to the end point
Path Number 115
 
(Filename: C:/BuildAgent/work/d3d49558e4d408f4/artifacts/StandalonePlayerGenerated/UnityEngineDebug.cpp Line: 53)

Path Completed : Computation Time 0.00 ms Searched Nodes 394 Path Length 43
Path Number 116
 
(Filename: C:/BuildAgent/work/d3d49558e4d408f4/artifacts/StandalonePlayerGenerated/UnityEngineDebug.cpp Line: 53)

Path Completed : Computation Time 0.00 ms Searched Nodes 1083 Path Length 54
Path Number 117
 
(Filename: C:/BuildAgent/work/d3d49558e4d408f4/artifacts/StandalonePlayerGenerated/UnityEngineDebug.cpp Line: 53)

Path Completed : Computation Time 1.00 ms Searched Nodes 1793 Path Length 69
Path Number 118
 
(Filename: C:/BuildAgent/work/d3d49558e4d408f4/artifacts/StandalonePlayerGenerated/UnityEngineDebug.cpp Line: 53)

Path Completed : Computation Time 2.00 ms Searched Nodes 1685 Path Length 61
Path Number 119
 
(Filename: C:/BuildAgent/work/d3d49558e4d408f4/artifacts/StandalonePlayerGenerated/UnityEngineDebug.cpp Line: 53)

Path Completed : Computation Time 0.00 ms Searched Nodes 1276 Path Length 61
Path Number 120
 
(Filename: C:/BuildAgent/work/d3d49558e4d408f4/artifacts/StandalonePlayerGenerated/UnityEngineDebug.cpp Line: 53)

Couldn't find a close node to the end point
 
(Filename: C:/BuildAgent/work/d3d49558e4d408f4/artifacts/StandalonePlayerGenerated/UnityEngineDebug.cpp Line: 53)

Path Failed : Computation Time 0.00 ms Searched Nodes 0
Error: Couldn't find a close node to the end point
Path Number 121
 
(Filename: C:/BuildAgent/work/d3d49558e4d408f4/artifacts/StandalonePlayerGenerated/UnityEngineDebug.cpp Line: 53)

Path Completed : Computation Time 0.00 ms Searched Nodes 434 Path Length 43
Path Number 122
 
(Filename: C:/BuildAgent/work/d3d49558e4d408f4/artifacts/StandalonePlayerGenerated/UnityEngineDebug.cpp Line: 53)

Path Completed : Computation Time 2.00 ms Searched Nodes 1176 Path Length 55
Path Number 123
 
(Filename: C:/BuildAgent/work/d3d49558e4d408f4/artifacts/StandalonePlayerGenerated/UnityEngineDebug.cpp Line: 53)

Path Completed : Computation Time 2.00 ms Searched Nodes 1761 Path Length 69
Path Number 124
 
(Filename: C:/BuildAgent/work/d3d49558e4d408f4/artifacts/StandalonePlayerGenerated/UnityEngineDebug.cpp Line: 53)

Path Completed : Computation Time 1.00 ms Searched Nodes 1651 Path Length 61
Path Number 125
 
(Filename: C:/BuildAgent/work/d3d49558e4d408f4/artifacts/StandalonePlayerGenerated/UnityEngineDebug.cpp Line: 53)

Path Completed : Computation Time 1.00 ms Searched Nodes 1214 Path Length 60
Path Number 126
 
(Filename: C:/BuildAgent/work/d3d49558e4d408f4/artifacts/StandalonePlayerGenerated/UnityEngineDebug.cpp Line: 53)

Couldn't find a close node to the end point
 
(Filename: C:/BuildAgent/work/d3d49558e4d408f4/artifacts/StandalonePlayerGenerated/UnityEngineDebug.cpp Line: 53)

Path Failed : Computation Time 0.00 ms Searched Nodes 0
Error: Couldn't find a close node to the end point
Path Number 127
 
(Filename: C:/BuildAgent/work/d3d49558e4d408f4/artifacts/StandalonePlayerGenerated/UnityEngineDebug.cpp Line: 53)

Path Completed : Computation Time 1.00 ms Searched Nodes 474 Path Length 42
Path Number 128
 
(Filename: C:/BuildAgent/work/d3d49558e4d408f4/artifacts/StandalonePlayerGenerated/UnityEngineDebug.cpp Line: 53)

Path Completed : Computation Time 1.00 ms Searched Nodes 1254 Path Length 55
Path Number 129
 
(Filename: C:/BuildAgent/work/d3d49558e4d408f4/artifacts/StandalonePlayerGenerated/UnityEngineDebug.cpp Line: 53)

Path Completed : Computation Time 1.00 ms Searched Nodes 1597 Path Length 67
Path Number 130
 
(Filename: C:/BuildAgent/work/d3d49558e4d408f4/artifacts/StandalonePlayerGenerated/UnityEngineDebug.cpp Line: 53)

Path Completed : Computation Time 1.00 ms Searched Nodes 1542 Path Length 60
Path Number 131
 
(Filename: C:/BuildAgent/work/d3d49558e4d408f4/artifacts/StandalonePlayerGenerated/UnityEngineDebug.cpp Line: 53)

Path Completed : Computation Time 1.00 ms Searched Nodes 1118 Path Length 59
Path Number 132
 
(Filename: C:/BuildAgent/work/d3d49558e4d408f4/artifacts/StandalonePlayerGenerated/UnityEngineDebug.cpp Line: 53)

Couldn't find a close node to the end point
 
(Filename: C:/BuildAgent/work/d3d49558e4d408f4/artifacts/StandalonePlayerGenerated/UnityEngineDebug.cpp Line: 53)

Path Failed : Computation Time 0.00 ms Searched Nodes 0
Error: Couldn't find a close node to the end point
Path Number 133
 
(Filename: C:/BuildAgent/work/d3d49558e4d408f4/artifacts/StandalonePlayerGenerated/UnityEngineDebug.cpp Line: 53)

Path Completed : Computation Time 1.00 ms Searched Nodes 534 Path Length 41
Path Number 134
 
(Filename: C:/BuildAgent/work/d3d49558e4d408f4/artifacts/StandalonePlayerGenerated/UnityEngineDebug.cpp Line: 53)

Path Completed : Computation Time 1.00 ms Searched Nodes 1358 Path Length 55
Path Number 135
 
(Filename: C:/BuildAgent/work/d3d49558e4d408f4/artifacts/StandalonePlayerGenerated/UnityEngineDebug.cpp Line: 53)

Path Completed : Computation Time 1.00 ms Searched Nodes 1584 Path Length 66
Path Number 136
 
(Filename: C:/BuildAgent/work/d3d49558e4d408f4/artifacts/StandalonePlayerGenerated/UnityEngineDebug.cpp Line: 53)

Path Completed : Computation Time 1.00 ms Searched Nodes 1523 Path Length 59
Path Number 137
 
(Filename: C:/BuildAgent/work/d3d49558e4d408f4/artifacts/StandalonePlayerGenerated/UnityEngineDebug.cpp Line: 53)

Path Completed : Computation Time 2.00 ms Searched Nodes 1110 Path Length 58
Path Number 138
 
(Filename: C:/BuildAgent/work/d3d49558e4d408f4/artifacts/StandalonePlayerGenerated/UnityEngineDebug.cpp Line: 53)

Couldn't find a close node to the end point
 
(Filename: C:/BuildAgent/work/d3d49558e4d408f4/artifacts/StandalonePlayerGenerated/UnityEngineDebug.cpp Line: 53)

Path Failed : Computation Time 0.00 ms Searched Nodes 0
Error: Couldn't find a close node to the end point
Path Number 139
 
(Filename: C:/BuildAgent/work/d3d49558e4d408f4/artifacts/StandalonePlayerGenerated/UnityEngineDebug.cpp Line: 53)

Path Completed : Computation Time 0.00 ms Searched Nodes 389 Path Length 38
Path Number 140
 
(Filename: C:/BuildAgent/work/d3d49558e4d408f4/artifacts/StandalonePlayerGenerated/UnityEngineDebug.cpp Line: 53)

Path Completed : Computation Time 0.00 ms Searched Nodes 1147 Path Length 54
Path Number 141
 
(Filename: C:/BuildAgent/work/d3d49558e4d408f4/artifacts/StandalonePlayerGenerated/UnityEngineDebug.cpp Line: 53)

Path Completed : Computation Time 1.00 ms Searched Nodes 1477 Path Length 64
Path Number 142
 
(Filename: C:/BuildAgent/work/d3d49558e4d408f4/artifacts/StandalonePlayerGenerated/UnityEngineDebug.cpp Line: 53)

Path Completed : Computation Time 1.00 ms Searched Nodes 1409 Path Length 57
Path Number 143
 
(Filename: C:/BuildAgent/work/d3d49558e4d408f4/artifacts/StandalonePlayerGenerated/UnityEngineDebug.cpp Line: 53)

Path Completed : Computation Time 0.00 ms Searched Nodes 1010 Path Length 56
Path Number 144
 
(Filename: C:/BuildAgent/work/d3d49558e4d408f4/artifacts/StandalonePlayerGenerated/UnityEngineDebug.cpp Line: 53)

Couldn't find a close node to the end point
 
(Filename: C:/BuildAgent/work/d3d49558e4d408f4/artifacts/StandalonePlayerGenerated/UnityEngineDebug.cpp Line: 53)

Path Failed : Computation Time 0.00 ms Searched Nodes 0
Error: Couldn't find a close node to the end point
Path Number 145
 
(Filename: C:/BuildAgent/work/d3d49558e4d408f4/artifacts/StandalonePlayerGenerated/UnityEngineDebug.cpp Line: 53)

Path Completed : Computation Time 1.00 ms Searched Nodes 449 Path Length 38
Path Number 146
 
(Filename: C:/BuildAgent/work/d3d49558e4d408f4/artifacts/StandalonePlayerGenerated/UnityEngineDebug.cpp Line: 53)

Path Completed : Computation Time 1.00 ms Searched Nodes 1275 Path Length 55
Path Number 147
 
(Filename: C:/BuildAgent/work/d3d49558e4d408f4/artifacts/StandalonePlayerGenerated/UnityEngineDebug.cpp Line: 53)

Path Completed : Computation Time 1.00 ms Searched Nodes 1419 Path Length 63
Path Number 148
 
(Filename: C:/BuildAgent/work/d3d49558e4d408f4/artifacts/StandalonePlayerGenerated/UnityEngineDebug.cpp Line: 53)

Path Completed : Computation Time 2.00 ms Searched Nodes 1381 Path Length 57
Path Number 149
 
(Filename: C:/BuildAgent/work/d3d49558e4d408f4/artifacts/StandalonePlayerGenerated/UnityEngineDebug.cpp Line: 53)

Path Completed : Computation Time 1.00 ms Searched Nodes 957 Path Length 55
Path Number 150
 
(Filename: C:/BuildAgent/work/d3d49558e4d408f4/artifacts/StandalonePlayerGenerated/UnityEngineDebug.cpp Line: 53)

Couldn't find a close node to the end point
 
(Filename: C:/BuildAgent/work/d3d49558e4d408f4/artifacts/StandalonePlayerGenerated/UnityEngineDebug.cpp Line: 53)

Path Failed : Computation Time 0.00 ms Searched Nodes 0
Error: Couldn't find a close node to the end point
Path Number 151
 
(Filename: C:/BuildAgent/work/d3d49558e4d408f4/artifacts/StandalonePlayerGenerated/UnityEngineDebug.cpp Line: 53)

Path Completed : Computation Time 1.00 ms Searched Nodes 471 Path Length 38
Path Number 152
 
(Filename: C:/BuildAgent/work/d3d49558e4d408f4/artifacts/StandalonePlayerGenerated/UnityEngineDebug.cpp Line: 53)

Path Completed : Computation Time 1.00 ms Searched Nodes 1340 Path Length 56
Path Number 153
 
(Filename: C:/BuildAgent/work/d3d49558e4d408f4/artifacts/StandalonePlayerGenerated/UnityEngineDebug.cpp Line: 53)

Path Completed : Computation Time 1.00 ms Searched Nodes 1370 Path Length 63
Path Number 154
 
(Filename: C:/BuildAgent/work/d3d49558e4d408f4/artifacts/StandalonePlayerGenerated/UnityEngineDebug.cpp Line: 53)

Path Completed : Computation Time 1.00 ms Searched Nodes 1315 Path Length 56
Path Number 155
 
(Filename: C:/BuildAgent/work/d3d49558e4d408f4/artifacts/StandalonePlayerGenerated/UnityEngineDebug.cpp Line: 53)

Path Completed : Computation Time 1.00 ms Searched Nodes 936 Path Length 55
Path Number 156
 
(Filename: C:/BuildAgent/work/d3d49558e4d408f4/artifacts/StandalonePlayerGenerated/UnityEngineDebug.cpp Line: 53)

Couldn't find a close node to the end point
 
(Filename: C:/BuildAgent/work/d3d49558e4d408f4/artifacts/StandalonePlayerGenerated/UnityEngineDebug.cpp Line: 53)

Path Failed : Computation Time 0.00 ms Searched Nodes 0
Error: Couldn't find a close node to the end point
Path Number 157
 
(Filename: C:/BuildAgent/work/d3d49558e4d408f4/artifacts/StandalonePlayerGenerated/UnityEngineDebug.cpp Line: 53)

Path Completed : Computation Time 1.00 ms Searched Nodes 469 Path Length 37
Path Number 158
 
(Filename: C:/BuildAgent/work/d3d49558e4d408f4/artifacts/StandalonePlayerGenerated/UnityEngineDebug.cpp Line: 53)

Path Completed : Computation Time 2.00 ms Searched Nodes 1347 Path Length 57
Path Number 159
 
(Filename: C:/BuildAgent/work/d3d49558e4d408f4/artifacts/StandalonePlayerGenerated/UnityEngineDebug.cpp Line: 53)

Path Completed : Computation Time 1.00 ms Searched Nodes 1247 Path Length 63
Path Number 160
 
(Filename: C:/BuildAgent/work/d3d49558e4d408f4/artifacts/StandalonePlayerGenerated/UnityEngineDebug.cpp Line: 53)

Path Completed : Computation Time 0.00 ms Searched Nodes 1183 Path Length 56
Path Number 161
 
(Filename: C:/BuildAgent/work/d3d49558e4d408f4/artifacts/StandalonePlayerGenerated/UnityEngineDebug.cpp Line: 53)

Path Completed : Computation Time 1.00 ms Searched Nodes 813 Path Length 55
Path Number 162
 
(Filename: C:/BuildAgent/work/d3d49558e4d408f4/artifacts/StandalonePlayerGenerated/UnityEngineDebug.cpp Line: 53)

Couldn't find a close node to the end point
 
(Filename: C:/BuildAgent/work/d3d49558e4d408f4/artifacts/StandalonePlayerGenerated/UnityEngineDebug.cpp Line: 53)

Path Failed : Computation Time 0.00 ms Searched Nodes 0
Error: Couldn't find a close node to the end point
Path Number 163
 
(Filename: C:/BuildAgent/work/d3d49558e4d408f4/artifacts/StandalonePlayerGenerated/UnityEngineDebug.cpp Line: 53)

Path Completed : Computation Time 1.00 ms Searched Nodes 661 Path Length 38
Path Number 164
 
(Filename: C:/BuildAgent/work/d3d49558e4d408f4/artifacts/StandalonePlayerGenerated/UnityEngineDebug.cpp Line: 53)

Path Completed : Computation Time 2.00 ms Searched Nodes 1756 Path Length 59
Path Number 165
 
(Filename: C:/BuildAgent/work/d3d49558e4d408f4/artifacts/StandalonePlayerGenerated/UnityEngineDebug.cpp Line: 53)

Path Completed : Computation Time 2.00 ms Searched Nodes 1495 Path Length 64
Path Number 166
 
(Filename: C:/BuildAgent/work/d3d49558e4d408f4/artifacts/StandalonePlayerGenerated/UnityEngineDebug.cpp Line: 53)

Path Completed : Computation Time 3.00 ms Searched Nodes 1388 Path Length 57
Path Number 167
 
(Filename: C:/BuildAgent/work/d3d49558e4d408f4/artifacts/StandalonePlayerGenerated/UnityEngineDebug.cpp Line: 53)

Path Completed : Computation Time 0.00 ms Searched Nodes 972 Path Length 55
Path Number 168
 
(Filename: C:/BuildAgent/work/d3d49558e4d408f4/artifacts/StandalonePlayerGenerated/UnityEngineDebug.cpp Line: 53)

Couldn't find a close node to the end point
 
(Filename: C:/BuildAgent/work/d3d49558e4d408f4/artifacts/StandalonePlayerGenerated/UnityEngineDebug.cpp Line: 53)

Path Failed : Computation Time 0.00 ms Searched Nodes 0
Error: Couldn't find a close node to the end point
Path Number 169
 
(Filename: C:/BuildAgent/work/d3d49558e4d408f4/artifacts/StandalonePlayerGenerated/UnityEngineDebug.cpp Line: 53)

Path Completed : Computation Time 1.00 ms Searched Nodes 628 Path Length 38
Path Number 170
 
(Filename: C:/BuildAgent/work/d3d49558e4d408f4/artifacts/StandalonePlayerGenerated/UnityEngineDebug.cpp Line: 53)

Path Completed : Computation Time 2.00 ms Searched Nodes 1739 Path Length 60
Path Number 171
 
(Filename: C:/BuildAgent/work/d3d49558e4d408f4/artifacts/StandalonePlayerGenerated/UnityEngineDebug.cpp Line: 53)

Path Completed : Computation Time 3.00 ms Searched Nodes 1249 Path Length 63
Path Number 172
 
(Filename: C:/BuildAgent/work/d3d49558e4d408f4/artifacts/StandalonePlayerGenerated/UnityEngineDebug.cpp Line: 53)

Path Completed : Computation Time 1.00 ms Searched Nodes 1181 Path Length 56
Path Number 173
 
(Filename: C:/BuildAgent/work/d3d49558e4d408f4/artifacts/StandalonePlayerGenerated/UnityEngineDebug.cpp Line: 53)

Path Completed : Computation Time 1.00 ms Searched Nodes 803 Path Length 55
Path Number 174
 
(Filename: C:/BuildAgent/work/d3d49558e4d408f4/artifacts/StandalonePlayerGenerated/UnityEngineDebug.cpp Line: 53)

Couldn't find a close node to the end point
 
(Filename: C:/BuildAgent/work/d3d49558e4d408f4/artifacts/StandalonePlayerGenerated/UnityEngineDebug.cpp Line: 53)

Path Failed : Computation Time 0.00 ms Searched Nodes 0
Error: Couldn't find a close node to the end point
Path Number 175
 
(Filename: C:/BuildAgent/work/d3d49558e4d408f4/artifacts/StandalonePlayerGenerated/UnityEngineDebug.cpp Line: 53)

Path Completed : Computation Time 0.00 ms Searched Nodes 675 Path Length 38
Path Number 176
 
(Filename: C:/BuildAgent/work/d3d49558e4d408f4/artifacts/StandalonePlayerGenerated/UnityEngineDebug.cpp Line: 53)

Path Completed : Computation Time 3.00 ms Searched Nodes 1833 Path Length 61
Path Number 177
 
(Filename: C:/BuildAgent/work/d3d49558e4d408f4/artifacts/StandalonePlayerGenerated/UnityEngineDebug.cpp Line: 53)

Path Completed : Computation Time 2.00 ms Searched Nodes 1342 Path Length 63
Path Number 178
 
(Filename: C:/BuildAgent/work/d3d49558e4d408f4/artifacts/StandalonePlayerGenerated/UnityEngineDebug.cpp Line: 53)

Path Completed : Computation Time 2.00 ms Searched Nodes 1268 Path Length 56
Path Number 179
 
(Filename: C:/BuildAgent/work/d3d49558e4d408f4/artifacts/StandalonePlayerGenerated/UnityEngineDebug.cpp Line: 53)

Path Completed : Computation Time 1.00 ms Searched Nodes 876 Path Length 55
Path Number 180
 
(Filename: C:/BuildAgent/work/d3d49558e4d408f4/artifacts/StandalonePlayerGenerated/UnityEngineDebug.cpp Line: 53)

Couldn't find a close node to the end point
 
(Filename: C:/BuildAgent/work/d3d49558e4d408f4/artifacts/StandalonePlayerGenerated/UnityEngineDebug.cpp Line: 53)

Path Failed : Computation Time 0.00 ms Searched Nodes 0
Error: Couldn't find a close node to the end point
Path Number 181
 
(Filename: C:/BuildAgent/work/d3d49558e4d408f4/artifacts/StandalonePlayerGenerated/UnityEngineDebug.cpp Line: 53)

Path Completed : Computation Time 1.00 ms Searched Nodes 621 Path Length 36
Path Number 182
 
(Filename: C:/BuildAgent/work/d3d49558e4d408f4/artifacts/StandalonePlayerGenerated/UnityEngineDebug.cpp Line: 53)

Path Completed : Computation Time 2.00 ms Searched Nodes 1793 Path Length 60
Path Number 183
 
(Filename: C:/BuildAgent/work/d3d49558e4d408f4/artifacts/StandalonePlayerGenerated/UnityEngineDebug.cpp Line: 53)

Path Completed : Computation Time 0.00 ms Searched Nodes 1313 Path Length 62
Path Number 184
 
(Filename: C:/BuildAgent/work/d3d49558e4d408f4/artifacts/StandalonePlayerGenerated/UnityEngineDebug.cpp Line: 53)

Path Completed : Computation Time 1.00 ms Searched Nodes 1241 Path Length 55
Path Number 185
 
(Filename: C:/BuildAgent/work/d3d49558e4d408f4/artifacts/StandalonePlayerGenerated/UnityEngineDebug.cpp Line: 53)

Path Completed : Computation Time 0.00 ms Searched Nodes 847 Path Length 54
Path Number 186
 
(Filename: C:/BuildAgent/work/d3d49558e4d408f4/artifacts/StandalonePlayerGenerated/UnityEngineDebug.cpp Line: 53)

Couldn't find a close node to the end point
 
(Filename: C:/BuildAgent/work/d3d49558e4d408f4/artifacts/StandalonePlayerGenerated/UnityEngineDebug.cpp Line: 53)

Path Failed : Computation Time 0.00 ms Searched Nodes 0
Error: Couldn't find a close node to the end point
Path Number 187
 
(Filename: C:/BuildAgent/work/d3d49558e4d408f4/artifacts/StandalonePlayerGenerated/UnityEngineDebug.cpp Line: 53)

Path Completed : Computation Time 1.00 ms Searched Nodes 469 Path Length 35
Path Number 188
 
(Filename: C:/BuildAgent/work/d3d49558e4d408f4/artifacts/StandalonePlayerGenerated/UnityEngineDebug.cpp Line: 53)

Path Completed : Computation Time 2.00 ms Searched Nodes 1451 Path Length 58
Path Number 189
 
(Filename: C:/BuildAgent/work/d3d49558e4d408f4/artifacts/StandalonePlayerGenerated/UnityEngineDebug.cpp Line: 53)

Path Completed : Computation Time 2.00 ms Searched Nodes 1075 Path Length 60
Path Number 190
 
(Filename: C:/BuildAgent/work/d3d49558e4d408f4/artifacts/StandalonePlayerGenerated/UnityEngineDebug.cpp Line: 53)

Path Completed : Computation Time 0.00 ms Searched Nodes 1063 Path Length 54
Path Number 191
 
(Filename: C:/BuildAgent/work/d3d49558e4d408f4/artifacts/StandalonePlayerGenerated/UnityEngineDebug.cpp Line: 53)

Path Completed : Computation Time 0.00 ms Searched Nodes 649 Path Length 52
Path Number 192
 
(Filename: C:/BuildAgent/work/d3d49558e4d408f4/artifacts/StandalonePlayerGenerated/UnityEngineDebug.cpp Line: 53)

Couldn't find a close node to the end point
 
(Filename: C:/BuildAgent/work/d3d49558e4d408f4/artifacts/StandalonePlayerGenerated/UnityEngineDebug.cpp Line: 53)

Path Failed : Computation Time 0.00 ms Searched Nodes 0
Error: Couldn't find a close node to the end point
Path Number 193
 
(Filename: C:/BuildAgent/work/d3d49558e4d408f4/artifacts/StandalonePlayerGenerated/UnityEngineDebug.cpp Line: 53)

Path Completed : Computation Time 0.00 ms Searched Nodes 515 Path Length 35
Path Number 194
 
(Filename: C:/BuildAgent/work/d3d49558e4d408f4/artifacts/StandalonePlayerGenerated/UnityEngineDebug.cpp Line: 53)

Path Completed : Computation Time 1.00 ms Searched Nodes 1567 Path Length 59
Path Number 195
 
(Filename: C:/BuildAgent/work/d3d49558e4d408f4/artifacts/StandalonePlayerGenerated/UnityEngineDebug.cpp Line: 53)

Path Completed : Computation Time 1.00 ms Searched Nodes 982 Path Length 60
Path Number 196
 
(Filename: C:/BuildAgent/work/d3d49558e4d408f4/artifacts/StandalonePlayerGenerated/UnityEngineDebug.cpp Line: 53)

Path Completed : Computation Time 0.00 ms Searched Nodes 953 Path Length 53
Path Number 197
 
(Filename: C:/BuildAgent/work/d3d49558e4d408f4/artifacts/StandalonePlayerGenerated/UnityEngineDebug.cpp Line: 53)

Path Completed : Computation Time 1.00 ms Searched Nodes 604 Path Length 52
Path Number 198
 
(Filename: C:/BuildAgent/work/d3d49558e4d408f4/artifacts/StandalonePlayerGenerated/UnityEngineDebug.cpp Line: 53)

Couldn't find a close node to the end point
 
(Filename: C:/BuildAgent/work/d3d49558e4d408f4/artifacts/StandalonePlayerGenerated/UnityEngineDebug.cpp Line: 53)

Path Failed : Computation Time 0.00 ms Searched Nodes 0
Error: Couldn't find a close node to the end point
Path Number 199
 
(Filename: C:/BuildAgent/work/d3d49558e4d408f4/artifacts/StandalonePlayerGenerated/UnityEngineDebug.cpp Line: 53)

Path Completed : Computation Time 1.00 ms Searched Nodes 595 Path Length 35
Path Number 200
 
(Filename: C:/BuildAgent/work/d3d49558e4d408f4/artifacts/StandalonePlayerGenerated/UnityEngineDebug.cpp Line: 53)

Path Completed : Computation Time 1.00 ms Searched Nodes 1728 Path Length 61
Path Number 201
 
(Filename: C:/BuildAgent/work/d3d49558e4d408f4/artifacts/StandalonePlayerGenerated/UnityEngineDebug.cpp Line: 53)

Path Completed : Computation Time 0.00 ms Searched Nodes 1170 Path Length 61
Path Number 202
 
(Filename: C:/BuildAgent/work/d3d49558e4d408f4/artifacts/StandalonePlayerGenerated/UnityEngineDebug.cpp Line: 53)

Path Completed : Computation Time 1.00 ms Searched Nodes 1158 Path Length 54
Path Number 203
 
(Filename: C:/BuildAgent/work/d3d49558e4d408f4/artifacts/StandalonePlayerGenerated/UnityEngineDebug.cpp Line: 53)

Path Completed : Computation Time 0.00 ms Searched Nodes 711 Path Length 53
Path Number 204
 
(Filename: C:/BuildAgent/work/d3d49558e4d408f4/artifacts/StandalonePlayerGenerated/UnityEngineDebug.cpp Line: 53)

Couldn't find a close node to the end point
 
(Filename: C:/BuildAgent/work/d3d49558e4d408f4/artifacts/StandalonePlayerGenerated/UnityEngineDebug.cpp Line: 53)

Path Failed : Computation Time 0.00 ms Searched Nodes 0
Error: Couldn't find a close node to the end point
Path Number 205
 
(Filename: C:/BuildAgent/work/d3d49558e4d408f4/artifacts/StandalonePlayerGenerated/UnityEngineDebug.cpp Line: 53)

Path Completed : Computation Time 0.00 ms Searched Nodes 530 Path Length 34
Path Number 206
 
(Filename: C:/BuildAgent/work/d3d49558e4d408f4/artifacts/StandalonePlayerGenerated/UnityEngineDebug.cpp Line: 53)

Path Completed : Computation Time 1.00 ms Searched Nodes 1673 Path Length 61
Path Number 207
 
(Filename: C:/BuildAgent/work/d3d49558e4d408f4/artifacts/StandalonePlayerGenerated/UnityEngineDebug.cpp Line: 53)

Path Completed : Computation Time 1.00 ms Searched Nodes 1080 Path Length 60
Path Number 208
 
(Filename: C:/BuildAgent/work/d3d49558e4d408f4/artifacts/StandalonePlayerGenerated/UnityEngineDebug.cpp Line: 53)

Path Completed : Computation Time 0.00 ms Searched Nodes 1080 Path Length 53
Path Number 209
 
(Filename: C:/BuildAgent/work/d3d49558e4d408f4/artifacts/StandalonePlayerGenerated/UnityEngineDebug.cpp Line: 53)

Path Completed : Computation Time 1.00 ms Searched Nodes 641 Path Length 52
Path Number 210
 
(Filename: C:/BuildAgent/work/d3d49558e4d408f4/artifacts/StandalonePlayerGenerated/UnityEngineDebug.cpp Line: 53)

Couldn't find a close node to the end point
 
(Filename: C:/BuildAgent/work/d3d49558e4d408f4/artifacts/StandalonePlayerGenerated/UnityEngineDebug.cpp Line: 53)

Path Failed : Computation Time 0.00 ms Searched Nodes 0
Error: Couldn't find a close node to the end point
Path Number 211
 
(Filename: C:/BuildAgent/work/d3d49558e4d408f4/artifacts/StandalonePlayerGenerated/UnityEngineDebug.cpp Line: 53)

Path Completed : Computation Time 1.00 ms Searched Nodes 476 Path Length 33
Path Number 212
 
(Filename: C:/BuildAgent/work/d3d49558e4d408f4/artifacts/StandalonePlayerGenerated/UnityEngineDebug.cpp Line: 53)

Path Completed : Computation Time 2.00 ms Searched Nodes 1614 Path Length 61
Path Number 213
 
(Filename: C:/BuildAgent/work/d3d49558e4d408f4/artifacts/StandalonePlayerGenerated/UnityEngineDebug.cpp Line: 53)

Path Completed : Computation Time 0.00 ms Searched Nodes 997 Path Length 58
Path Number 214
 
(Filename: C:/BuildAgent/work/d3d49558e4d408f4/artifacts/StandalonePlayerGenerated/UnityEngineDebug.cpp Line: 53)

Path Completed : Computation Time 0.00 ms Searched Nodes 1010 Path Length 51
Path Number 215
 
(Filename: C:/BuildAgent/work/d3d49558e4d408f4/artifacts/StandalonePlayerGenerated/UnityEngineDebug.cpp Line: 53)

Path Completed : Computation Time 0.00 ms Searched Nodes 590 Path Length 50
Path Number 216
 
(Filename: C:/BuildAgent/work/d3d49558e4d408f4/artifacts/StandalonePlayerGenerated/UnityEngineDebug.cpp Line: 53)

Couldn't find a close node to the end point
 
(Filename: C:/BuildAgent/work/d3d49558e4d408f4/artifacts/StandalonePlayerGenerated/UnityEngineDebug.cpp Line: 53)

Path Failed : Computation Time 0.00 ms Searched Nodes 0
Error: Couldn't find a close node to the end point
Path Number 217
 
(Filename: C:/BuildAgent/work/d3d49558e4d408f4/artifacts/StandalonePlayerGenerated/UnityEngineDebug.cpp Line: 53)

Path Completed : Computation Time 0.00 ms Searched Nodes 631 Path Length 34
Path Number 218
 
(Filename: C:/BuildAgent/work/d3d49558e4d408f4/artifacts/StandalonePlayerGenerated/UnityEngineDebug.cpp Line: 53)

Path Completed : Computation Time 1.00 ms Searched Nodes 1991 Path Length 63
Path Number 219
 
(Filename: C:/BuildAgent/work/d3d49558e4d408f4/artifacts/StandalonePlayerGenerated/UnityEngineDebug.cpp Line: 53)

Path Completed : Computation Time 0.00 ms Searched Nodes 1052 Path Length 59
Path Number 220
 
(Filename: C:/BuildAgent/work/d3d49558e4d408f4/artifacts/StandalonePlayerGenerated/UnityEngineDebug.cpp Line: 53)

Path Completed : Computation Time 0.00 ms Searched Nodes 1085 Path Length 52
Path Number 221
 
(Filename: C:/BuildAgent/work/d3d49558e4d408f4/artifacts/StandalonePlayerGenerated/UnityEngineDebug.cpp Line: 53)

Path Completed : Computation Time 1.00 ms Searched Nodes 631 Path Length 51
Path Number 222
 
(Filename: C:/BuildAgent/work/d3d49558e4d408f4/artifacts/StandalonePlayerGenerated/UnityEngineDebug.cpp Line: 53)

Couldn't find a close node to the end point
 
(Filename: C:/BuildAgent/work/d3d49558e4d408f4/artifacts/StandalonePlayerGenerated/UnityEngineDebug.cpp Line: 53)

Path Failed : Computation Time 0.00 ms Searched Nodes 0
Error: Couldn't find a close node to the end point
Path Number 223
 
(Filename: C:/BuildAgent/work/d3d49558e4d408f4/artifacts/StandalonePlayerGenerated/UnityEngineDebug.cpp Line: 53)

Path Completed : Computation Time 0.00 ms Searched Nodes 526 Path Length 34
Path Number 224
 
(Filename: C:/BuildAgent/work/d3d49558e4d408f4/artifacts/StandalonePlayerGenerated/UnityEngineDebug.cpp Line: 53)

Path Completed : Computation Time 0.00 ms Searched Nodes 1783 Path Length 64
Path Number 225
 
(Filename: C:/BuildAgent/work/d3d49558e4d408f4/artifacts/StandalonePlayerGenerated/UnityEngineDebug.cpp Line: 53)

Path Completed : Computation Time 0.00 ms Searched Nodes 870 Path Length 59
Path Number 226
 
(Filename: C:/BuildAgent/work/d3d49558e4d408f4/artifacts/StandalonePlayerGenerated/UnityEngineDebug.cpp Line: 53)

Path Completed : Computation Time 0.00 ms Searched Nodes 919 Path Length 52
Path Number 227
 
(Filename: C:/BuildAgent/work/d3d49558e4d408f4/artifacts/StandalonePlayerGenerated/UnityEngineDebug.cpp Line: 53)

Path Completed : Computation Time 0.00 ms Searched Nodes 484 Path Length 51
Path Number 228
 
(Filename: C:/BuildAgent/work/d3d49558e4d408f4/artifacts/StandalonePlayerGenerated/UnityEngineDebug.cpp Line: 53)

Couldn't find a close node to the end point
 
(Filename: C:/BuildAgent/work/d3d49558e4d408f4/artifacts/StandalonePlayerGenerated/UnityEngineDebug.cpp Line: 53)

Path Failed : Computation Time 0.00 ms Searched Nodes 0
Error: Couldn't find a close node to the end point
Path Number 229
 
(Filename: C:/BuildAgent/work/d3d49558e4d408f4/artifacts/StandalonePlayerGenerated/UnityEngineDebug.cpp Line: 53)

Path Completed : Computation Time 0.00 ms Searched Nodes 618 Path Length 35
Path Number 230
 
(Filename: C:/BuildAgent/work/d3d49558e4d408f4/artifacts/StandalonePlayerGenerated/UnityEngineDebug.cpp Line: 53)

Path Completed : Computation Time 2.00 ms Searched Nodes 2042 Path Length 66
Path Number 231
 
(Filename: C:/BuildAgent/work/d3d49558e4d408f4/artifacts/StandalonePlayerGenerated/UnityEngineDebug.cpp Line: 53)

Path Completed : Computation Time 1.00 ms Searched Nodes 1022 Path Length 59
Path Number 232
 
(Filename: C:/BuildAgent/work/d3d49558e4d408f4/artifacts/StandalonePlayerGenerated/UnityEngineDebug.cpp Line: 53)

Path Completed : Computation Time 2.00 ms Searched Nodes 619 Path Length 51
Path Number 233
 
(Filename: C:/BuildAgent/work/d3d49558e4d408f4/artifacts/StandalonePlayerGenerated/UnityEngineDebug.cpp Line: 53)

Path Completed : Computation Time 0.00 ms Searched Nodes 1095 Path Length 53
Path Number 234
 
(Filename: C:/BuildAgent/work/d3d49558e4d408f4/artifacts/StandalonePlayerGenerated/UnityEngineDebug.cpp Line: 53)

Couldn't find a close node to the end point
 
(Filename: C:/BuildAgent/work/d3d49558e4d408f4/artifacts/StandalonePlayerGenerated/UnityEngineDebug.cpp Line: 53)

Path Failed : Computation Time 0.00 ms Searched Nodes 0
Error: Couldn't find a close node to the end point
Path Number 235
 
(Filename: C:/BuildAgent/work/d3d49558e4d408f4/artifacts/StandalonePlayerGenerated/UnityEngineDebug.cpp Line: 53)

Path Completed : Computation Time 0.00 ms Searched Nodes 507 Path Length 35
Path Number 236
 
(Filename: C:/BuildAgent/work/d3d49558e4d408f4/artifacts/StandalonePlayerGenerated/UnityEngineDebug.cpp Line: 53)

Path Completed : Computation Time 1.00 ms Searched Nodes 1892 Path Length 67
Path Number 237
 
(Filename: C:/BuildAgent/work/d3d49558e4d408f4/artifacts/StandalonePlayerGenerated/UnityEngineDebug.cpp Line: 53)

Path Completed : Computation Time 1.00 ms Searched Nodes 922 Path Length 59
Path Number 238
 
(Filename: C:/BuildAgent/work/d3d49558e4d408f4/artifacts/StandalonePlayerGenerated/UnityEngineDebug.cpp Line: 53)

Path Completed : Computation Time 1.00 ms Searched Nodes 531 Path Length 51
Path Number 239
 
(Filename: C:/BuildAgent/work/d3d49558e4d408f4/artifacts/StandalonePlayerGenerated/UnityEngineDebug.cpp Line: 53)

Path Completed : Computation Time 2.00 ms Searched Nodes 980 Path Length 52
Path Number 240
 
(Filename: C:/BuildAgent/work/d3d49558e4d408f4/artifacts/StandalonePlayerGenerated/UnityEngineDebug.cpp Line: 53)

Couldn't find a close node to the end point
 
(Filename: C:/BuildAgent/work/d3d49558e4d408f4/artifacts/StandalonePlayerGenerated/UnityEngineDebug.cpp Line: 53)

Path Failed : Computation Time 0.00 ms Searched Nodes 0
Error: Couldn't find a close node to the end point
Path Number 241
 
(Filename: C:/BuildAgent/work/d3d49558e4d408f4/artifacts/StandalonePlayerGenerated/UnityEngineDebug.cpp Line: 53)

Path Completed : Computation Time 0.00 ms Searched Nodes 702 Path Length 36
Path Number 242
 
(Filename: C:/BuildAgent/work/d3d49558e4d408f4/artifacts/StandalonePlayerGenerated/UnityEngineDebug.cpp Line: 53)

Path Completed : Computation Time 1.00 ms Searched Nodes 2322 Path Length 69
Path Number 243
 
(Filename: C:/BuildAgent/work/d3d49558e4d408f4/artifacts/StandalonePlayerGenerated/UnityEngineDebug.cpp Line: 53)

Path Completed : Computation Time 2.00 ms Searched Nodes 1037 Path Length 60
Path Number 244
 
(Filename: C:/BuildAgent/work/d3d49558e4d408f4/artifacts/StandalonePlayerGenerated/UnityEngineDebug.cpp Line: 53)

Path Completed : Computation Time 1.00 ms Searched Nodes 616 Path Length 52
Path Number 245
 
(Filename: C:/BuildAgent/work/d3d49558e4d408f4/artifacts/StandalonePlayerGenerated/UnityEngineDebug.cpp Line: 53)

Path Completed : Computation Time 1.00 ms Searched Nodes 1080 Path Length 53
Path Number 246
 
(Filename: C:/BuildAgent/work/d3d49558e4d408f4/artifacts/StandalonePlayerGenerated/UnityEngineDebug.cpp Line: 53)

Couldn't find a close node to the end point
 
(Filename: C:/BuildAgent/work/d3d49558e4d408f4/artifacts/StandalonePlayerGenerated/UnityEngineDebug.cpp Line: 53)

Path Failed : Computation Time 0.00 ms Searched Nodes 0
Error: Couldn't find a close node to the end point
Path Number 247
 
(Filename: C:/BuildAgent/work/d3d49558e4d408f4/artifacts/StandalonePlayerGenerated/UnityEngineDebug.cpp Line: 53)

Path Completed : Computation Time 0.00 ms Searched Nodes 587 Path Length 35
Path Number 248
 
(Filename: C:/BuildAgent/work/d3d49558e4d408f4/artifacts/StandalonePlayerGenerated/UnityEngineDebug.cpp Line: 53)

Path Completed : Computation Time 1.00 ms Searched Nodes 2133 Path Length 69
Path Number 249
 
(Filename: C:/BuildAgent/work/d3d49558e4d408f4/artifacts/StandalonePlayerGenerated/UnityEngineDebug.cpp Line: 53)

Path Completed : Computation Time 0.00 ms Searched Nodes 848 Path Length 59
Path Number 250
 
(Filename: C:/BuildAgent/work/d3d49558e4d408f4/artifacts/StandalonePlayerGenerated/UnityEngineDebug.cpp Line: 53)

Path Completed : Computation Time 0.00 ms Searched Nodes 459 Path Length 51
Path Number 251
 
(Filename: C:/BuildAgent/work/d3d49558e4d408f4/artifacts/StandalonePlayerGenerated/UnityEngineDebug.cpp Line: 53)

Path Completed : Computation Time 0.00 ms Searched Nodes 907 Path Length 52
Path Number 252
 
(Filename: C:/BuildAgent/work/d3d49558e4d408f4/artifacts/StandalonePlayerGenerated/UnityEngineDebug.cpp Line: 53)

Couldn't find a close node to the end point
 
(Filename: C:/BuildAgent/work/d3d49558e4d408f4/artifacts/StandalonePlayerGenerated/UnityEngineDebug.cpp Line: 53)

Path Failed : Computation Time 0.00 ms Searched Nodes 0
Error: Couldn't find a close node to the end point
Path Number 253
 
(Filename: C:/BuildAgent/work/d3d49558e4d408f4/artifacts/StandalonePlayerGenerated/UnityEngineDebug.cpp Line: 53)

Path Completed : Computation Time 1.00 ms Searched Nodes 541 Path Length 34
Path Number 254
 
(Filename: C:/BuildAgent/work/d3d49558e4d408f4/artifacts/StandalonePlayerGenerated/UnityEngineDebug.cpp Line: 53)

Path Completed : Computation Time 1.00 ms Searched Nodes 2139 Path Length 69
Path Number 255
 
(Filename: C:/BuildAgent/work/d3d49558e4d408f4/artifacts/StandalonePlayerGenerated/UnityEngineDebug.cpp Line: 53)

Path Completed : Computation Time 1.00 ms Searched Nodes 812 Path Length 57
Path Number 256
 
(Filename: C:/BuildAgent/work/d3d49558e4d408f4/artifacts/StandalonePlayerGenerated/UnityEngineDebug.cpp Line: 53)

Path Completed : Computation Time 0.00 ms Searched Nodes 437 Path Length 49
Path Number 257
 
(Filename: C:/BuildAgent/work/d3d49558e4d408f4/artifacts/StandalonePlayerGenerated/UnityEngineDebug.cpp Line: 53)

Path Completed : Computation Time 1.00 ms Searched Nodes 883 Path Length 51
Path Number 258
 
(Filename: C:/BuildAgent/work/d3d49558e4d408f4/artifacts/StandalonePlayerGenerated/UnityEngineDebug.cpp Line: 53)

Couldn't find a close node to the end point
 
(Filename: C:/BuildAgent/work/d3d49558e4d408f4/artifacts/StandalonePlayerGenerated/UnityEngineDebug.cpp Line: 53)

Path Failed : Computation Time 0.00 ms Searched Nodes 0
Error: Couldn't find a close node to the end point
Path Number 259
 
(Filename: C:/BuildAgent/work/d3d49558e4d408f4/artifacts/StandalonePlayerGenerated/UnityEngineDebug.cpp Line: 53)

Path Completed : Computation Time 0.00 ms Searched Nodes 518 Path Length 33
Path Number 260
 
(Filename: C:/BuildAgent/work/d3d49558e4d408f4/artifacts/StandalonePlayerGenerated/UnityEngineDebug.cpp Line: 53)

Path Completed : Computation Time 1.00 ms Searched Nodes 2139 Path Length 69
Path Number 261
 
(Filename: C:/BuildAgent/work/d3d49558e4d408f4/artifacts/StandalonePlayerGenerated/UnityEngineDebug.cpp Line: 53)

Path Completed : Computation Time 0.00 ms Searched Nodes 424 Path Length 48
Path Number 262
 
(Filename: C:/BuildAgent/work/d3d49558e4d408f4/artifacts/StandalonePlayerGenerated/UnityEngineDebug.cpp Line: 53)

Path Completed : Computation Time 1.00 ms Searched Nodes 790 Path Length 56
Path Number 263
 
(Filename: C:/BuildAgent/work/d3d49558e4d408f4/artifacts/StandalonePlayerGenerated/UnityEngineDebug.cpp Line: 53)

Path Completed : Computation Time 1.00 ms Searched Nodes 840 Path Length 49
Path Number 264
 
(Filename: C:/BuildAgent/work/d3d49558e4d408f4/artifacts/StandalonePlayerGenerated/UnityEngineDebug.cpp Line: 53)

Couldn't find a close node to the end point
 
(Filename: C:/BuildAgent/work/d3d49558e4d408f4/artifacts/StandalonePlayerGenerated/UnityEngineDebug.cpp Line: 53)

Path Failed : Computation Time 0.00 ms Searched Nodes 0
Error: Couldn't find a close node to the end point
Path Number 265
 
(Filename: C:/BuildAgent/work/d3d49558e4d408f4/artifacts/StandalonePlayerGenerated/UnityEngineDebug.cpp Line: 53)

Path Completed : Computation Time 0.00 ms Searched Nodes 433 Path Length 31
Path Number 266
 
(Filename: C:/BuildAgent/work/d3d49558e4d408f4/artifacts/StandalonePlayerGenerated/UnityEngineDebug.cpp Line: 53)

Path Completed : Computation Time 1.00 ms Searched Nodes 404 Path Length 47
Path Number 267
 
(Filename: C:/BuildAgent/work/d3d49558e4d408f4/artifacts/StandalonePlayerGenerated/UnityEngineDebug.cpp Line: 53)

Path Completed : Computation Time 2.00 ms Searched Nodes 2055 Path Length 69
Path Number 268
 
(Filename: C:/BuildAgent/work/d3d49558e4d408f4/artifacts/StandalonePlayerGenerated/UnityEngineDebug.cpp Line: 53)

Path Completed : Computation Time 1.00 ms Searched Nodes 752 Path Length 55
Path Number 269
 
(Filename: C:/BuildAgent/work/d3d49558e4d408f4/artifacts/StandalonePlayerGenerated/UnityEngineDebug.cpp Line: 53)

Path Completed : Computation Time 1.00 ms Searched Nodes 804 Path Length 48
Path Number 270
 
(Filename: C:/BuildAgent/work/d3d49558e4d408f4/artifacts/StandalonePlayerGenerated/UnityEngineDebug.cpp Line: 53)

Couldn't find a close node to the end point
 
(Filename: C:/BuildAgent/work/d3d49558e4d408f4/artifacts/StandalonePlayerGenerated/UnityEngineDebug.cpp Line: 53)

Path Failed : Computation Time 0.00 ms Searched Nodes 0
Error: Couldn't find a close node to the end point
Path Number 271
 
(Filename: C:/BuildAgent/work/d3d49558e4d408f4/artifacts/StandalonePlayerGenerated/UnityEngineDebug.cpp Line: 53)

Path Completed : Computation Time 0.00 ms Searched Nodes 358 Path Length 29
Path Number 272
 
(Filename: C:/BuildAgent/work/d3d49558e4d408f4/artifacts/StandalonePlayerGenerated/UnityEngineDebug.cpp Line: 53)

Path Completed : Computation Time 0.00 ms Searched Nodes 410 Path Length 45
Path Number 273
 
(Filename: C:/BuildAgent/work/d3d49558e4d408f4/artifacts/StandalonePlayerGenerated/UnityEngineDebug.cpp Line: 53)

Path Completed : Computation Time 2.00 ms Searched Nodes 1962 Path Length 68
Path Number 274
 
(Filename: C:/BuildAgent/work/d3d49558e4d408f4/artifacts/StandalonePlayerGenerated/UnityEngineDebug.cpp Line: 53)

Path Completed : Computation Time 0.00 ms Searched Nodes 758 Path Length 53
Path Number 275
 
(Filename: C:/BuildAgent/work/d3d49558e4d408f4/artifacts/StandalonePlayerGenerated/UnityEngineDebug.cpp Line: 53)

Path Completed : Computation Time 2.00 ms Searched Nodes 793 Path Length 46
Path Number 276
 
(Filename: C:/BuildAgent/work/d3d49558e4d408f4/artifacts/StandalonePlayerGenerated/UnityEngineDebug.cpp Line: 53)

Couldn't find a close node to the end point
 
(Filename: C:/BuildAgent/work/d3d49558e4d408f4/artifacts/StandalonePlayerGenerated/UnityEngineDebug.cpp Line: 53)

Path Failed : Computation Time 0.00 ms Searched Nodes 0
Error: Couldn't find a close node to the end point
Path Number 277
 
(Filename: C:/BuildAgent/work/d3d49558e4d408f4/artifacts/StandalonePlayerGenerated/UnityEngineDebug.cpp Line: 53)

Path Completed : Computation Time 0.00 ms Searched Nodes 332 Path Length 43
Path Number 278
 
(Filename: C:/BuildAgent/work/d3d49558e4d408f4/artifacts/StandalonePlayerGenerated/UnityEngineDebug.cpp Line: 53)

Path Completed : Computation Time 1.00 ms Searched Nodes 329 Path Length 28
Path Number 279
 
(Filename: C:/BuildAgent/work/d3d49558e4d408f4/artifacts/StandalonePlayerGenerated/UnityEngineDebug.cpp Line: 53)

Path Completed : Computation Time 1.00 ms Searched Nodes 1998 Path Length 68
Path Number 280
 
(Filename: C:/BuildAgent/work/d3d49558e4d408f4/artifacts/StandalonePlayerGenerated/UnityEngineDebug.cpp Line: 53)

Path Completed : Computation Time 0.00 ms Searched Nodes 662 Path Length 51
Path Number 281
 
(Filename: C:/BuildAgent/work/d3d49558e4d408f4/artifacts/StandalonePlayerGenerated/UnityEngineDebug.cpp Line: 53)

Path Completed : Computation Time 0.00 ms Searched Nodes 702 Path Length 44
Path Number 282
 
(Filename: C:/BuildAgent/work/d3d49558e4d408f4/artifacts/StandalonePlayerGenerated/UnityEngineDebug.cpp Line: 53)

Couldn't find a close node to the end point
 
(Filename: C:/BuildAgent/work/d3d49558e4d408f4/artifacts/StandalonePlayerGenerated/UnityEngineDebug.cpp Line: 53)

Path Failed : Computation Time 0.00 ms Searched Nodes 0
Error: Couldn't find a close node to the end point
Path Number 283
 
(Filename: C:/BuildAgent/work/d3d49558e4d408f4/artifacts/StandalonePlayerGenerated/UnityEngineDebug.cpp Line: 53)

Path Completed : Computation Time 0.00 ms Searched Nodes 254 Path Length 42
Path Number 284
 
(Filename: C:/BuildAgent/work/d3d49558e4d408f4/artifacts/StandalonePlayerGenerated/UnityEngineDebug.cpp Line: 53)

Path Completed : Computation Time 1.00 ms Searched Nodes 373 Path Length 27
Path Number 285
 
(Filename: C:/BuildAgent/work/d3d49558e4d408f4/artifacts/StandalonePlayerGenerated/UnityEngineDebug.cpp Line: 53)

Path Completed : Computation Time 2.00 ms Searched Nodes 2181 Path Length 68
Path Number 286
 
(Filename: C:/BuildAgent/work/d3d49558e4d408f4/artifacts/StandalonePlayerGenerated/UnityEngineDebug.cpp Line: 53)

Path Completed : Computation Time 0.00 ms Searched Nodes 562 Path Length 50
Path Number 287
 
(Filename: C:/BuildAgent/work/d3d49558e4d408f4/artifacts/StandalonePlayerGenerated/UnityEngineDebug.cpp Line: 53)

Path Completed : Computation Time 1.00 ms Searched Nodes 608 Path Length 43
Path Number 288
 
(Filename: C:/BuildAgent/work/d3d49558e4d408f4/artifacts/StandalonePlayerGenerated/UnityEngineDebug.cpp Line: 53)

Couldn't find a close node to the end point
 
(Filename: C:/BuildAgent/work/d3d49558e4d408f4/artifacts/StandalonePlayerGenerated/UnityEngineDebug.cpp Line: 53)

Path Failed : Computation Time 0.00 ms Searched Nodes 0
Error: Couldn't find a close node to the end point
Path Number 289
 
(Filename: C:/BuildAgent/work/d3d49558e4d408f4/artifacts/StandalonePlayerGenerated/UnityEngineDebug.cpp Line: 53)

Path Completed : Computation Time 0.00 ms Searched Nodes 250 Path Length 41
Path Number 290
 
(Filename: C:/BuildAgent/work/d3d49558e4d408f4/artifacts/StandalonePlayerGenerated/UnityEngineDebug.cpp Line: 53)

Path Completed : Computation Time 0.00 ms Searched Nodes 359 Path Length 26
Path Number 291
 
(Filename: C:/BuildAgent/work/d3d49558e4d408f4/artifacts/StandalonePlayerGenerated/UnityEngineDebug.cpp Line: 53)

Path Completed : Computation Time 3.00 ms Searched Nodes 2184 Path Length 68
Path Number 292
 
(Filename: C:/BuildAgent/work/d3d49558e4d408f4/artifacts/StandalonePlayerGenerated/UnityEngineDebug.cpp Line: 53)

Path Completed : Computation Time 0.00 ms Searched Nodes 551 Path Length 49
Path Number 293
 
(Filename: C:/BuildAgent/work/d3d49558e4d408f4/artifacts/StandalonePlayerGenerated/UnityEngineDebug.cpp Line: 53)

Path Completed : Computation Time 0.00 ms Searched Nodes 593 Path Length 42
Path Number 294
 
(Filename: C:/BuildAgent/work/d3d49558e4d408f4/artifacts/StandalonePlayerGenerated/UnityEngineDebug.cpp Line: 53)

Couldn't find a close node to the end point
 
(Filename: C:/BuildAgent/work/d3d49558e4d408f4/artifacts/StandalonePlayerGenerated/UnityEngineDebug.cpp Line: 53)

Path Failed : Computation Time 0.00 ms Searched Nodes 0
Error: Couldn't find a close node to the end point
Path Number 295
 
(Filename: C:/BuildAgent/work/d3d49558e4d408f4/artifacts/StandalonePlayerGenerated/UnityEngineDebug.cpp Line: 53)

Path Completed : Computation Time 1.00 ms Searched Nodes 212 Path Length 39
Path Number 296
 
(Filename: C:/BuildAgent/work/d3d49558e4d408f4/artifacts/StandalonePlayerGenerated/UnityEngineDebug.cpp Line: 53)

Path Completed : Computation Time 0.00 ms Searched Nodes 318 Path Length 26
Path Number 297
 
(Filename: C:/BuildAgent/work/d3d49558e4d408f4/artifacts/StandalonePlayerGenerated/UnityEngineDebug.cpp Line: 53)

Path Failed : Computation Time 1.00 ms Searched Nodes 1004
Error: 
Path Number 298
 
(Filename: C:/BuildAgent/work/d3d49558e4d408f4/artifacts/StandalonePlayerGenerated/UnityEngineDebug.cpp Line: 53)

UnloadTime: 50.298084 ms
Scanning - Process took 34 ms to complete
 
(Filename: C:/BuildAgent/work/d3d49558e4d408f4/artifacts/StandalonePlayerGenerated/UnityEngineDebug.cpp Line: 53)

Unloading 1 Unused Serialized files (Serialized files now loaded: 0 / Dirty serialized files: 0)

Unloading 9666 unused Assets to reduce memory usage. Loaded Objects now: 22540.
Total: 35.437302 ms (FindLiveObjects: 1.184946 ms CreateObjectMapping: 1.310168 ms MarkObjects: 6.495587 ms  DeleteObjects: 26.079941 ms)

Ignore collision failed. Both colliders need to be activated when calling this IgnoreCollision
 
(Filename:  Line: 1296)

Path Completed : Computation Time 1.00 ms Searched Nodes 248 Path Length 30
Path Number 1
 
(Filename: C:/BuildAgent/work/d3d49558e4d408f4/artifacts/StandalonePlayerGenerated/UnityEngineDebug.cpp Line: 53)

Yay, we got a path back, did it have an error: False
 
(Filename: C:/BuildAgent/work/d3d49558e4d408f4/artifacts/StandalonePlayerGenerated/UnityEngineDebug.cpp Line: 53)

NullReferenceException: Object reference not set to an instance of an object
  at FireProjectile.Fire (Single power, Single multiplyer) [0x00000] in <filename unknown>:0 
  at FireProjectile.Update () [0x00000] in <filename unknown>:0 
 
(Filename:  Line: -1)

NullReferenceException: Object reference not set to an instance of an object
  at FireProjectile.Fire (Single power, Single multiplyer) [0x00000] in <filename unknown>:0 
  at FireProjectile.Update () [0x00000] in <filename unknown>:0 
 
(Filename:  Line: -1)

NullReferenceException: Object reference not set to an instance of an object
  at FireProjectile.Fire (Single power, Single multiplyer) [0x00000] in <filename unknown>:0 
  at FireProjectile.Update () [0x00000] in <filename unknown>:0 
 
(Filename:  Line: -1)

NullReferenceException: Object reference not set to an instance of an object
  at FireProjectile.Fire (Single power, Single multiplyer) [0x00000] in <filename unknown>:0 
  at FireProjectile.Update () [0x00000] in <filename unknown>:0 
 
(Filename:  Line: -1)

NullReferenceException: Object reference not set to an instance of an object
  at FireProjectile.Fire (Single power, Single multiplyer) [0x00000] in <filename unknown>:0 
  at FireProjectile.Update () [0x00000] in <filename unknown>:0 
 
(Filename:  Line: -1)

NullReferenceException: Object reference not set to an instance of an object
  at FireProjectile.Fire (Single power, Single multiplyer) [0x00000] in <filename unknown>:0 
  at FireProjectile.Update () [0x00000] in <filename unknown>:0 
 
(Filename:  Line: -1)

NullReferenceException: Object reference not set to an instance of an object
  at FireProjectile.Fire (Single power, Single multiplyer) [0x00000] in <filename unknown>:0 
  at FireProjectile.Update () [0x00000] in <filename unknown>:0 
 
(Filename:  Line: -1)

NullReferenceException: Object reference not set to an instance of an object
  at FireProjectile.Fire (Single power, Single multiplyer) [0x00000] in <filename unknown>:0 
  at FireProjectile.Update () [0x00000] in <filename unknown>:0 
 
(Filename:  Line: -1)

NullReferenceException: Object reference not set to an instance of an object
  at FireProjectile.Fire (Single power, Single multiplyer) [0x00000] in <filename unknown>:0 
  at FireProjectile.Update () [0x00000] in <filename unknown>:0 
 
(Filename:  Line: -1)

NullReferenceException: Object reference not set to an instance of an object
  at FireProjectile.Fire (Single power, Single multiplyer) [0x00000] in <filename unknown>:0 
  at FireProjectile.Update () [0x00000] in <filename unknown>:0 
 
(Filename:  Line: -1)

NullReferenceException: Object reference not set to an instance of an object
  at FireProjectile.Fire (Single power, Single multiplyer) [0x00000] in <filename unknown>:0 
  at FireProjectile.Update () [0x00000] in <filename unknown>:0 
 
(Filename:  Line: -1)

NullReferenceException: Object reference not set to an instance of an object
  at FireProjectile.Fire (Single power, Single multiplyer) [0x00000] in <filename unknown>:0 
  at FireProjectile.Update () [0x00000] in <filename unknown>:0 
 
(Filename:  Line: -1)

NullReferenceException: Object reference not set to an instance of an object
  at FireProjectile.Fire (Single power, Single multiplyer) [0x00000] in <filename unknown>:0 
  at FireProjectile.Update () [0x00000] in <filename unknown>:0 
 
(Filename:  Line: -1)

NullReferenceException: Object reference not set to an instance of an object
  at FireProjectile.Fire (Single power, Single multiplyer) [0x00000] in <filename unknown>:0 
  at FireProjectile.Update () [0x00000] in <filename unknown>:0 
 
(Filename:  Line: -1)

NullReferenceException: Object reference not set to an instance of an object
  at FireProjectile.Fire (Single power, Single multiplyer) [0x00000] in <filename unknown>:0 
  at FireProjectile.Update () [0x00000] in <filename unknown>:0 
 
(Filename:  Line: -1)

NullReferenceException: Object reference not set to an instance of an object
  at FireProjectile.Fire (Single power, Single multiplyer) [0x00000] in <filename unknown>:0 
  at FireProjectile.Update () [0x00000] in <filename unknown>:0 
 
(Filename:  Line: -1)

NullReferenceException: Object reference not set to an instance of an object
  at FireProjectile.Fire (Single power, Single multiplyer) [0x00000] in <filename unknown>:0 
  at FireProjectile.Update () [0x00000] in <filename unknown>:0 
 
(Filename:  Line: -1)

NullReferenceException: Object reference not set to an instance of an object
  at FireProjectile.Fire (Single power, Single multiplyer) [0x00000] in <filename unknown>:0 
  at FireProjectile.Update () [0x00000] in <filename unknown>:0 
 
(Filename:  Line: -1)

NullReferenceException: Object reference not set to an instance of an object
  at FireProjectile.Fire (Single power, Single multiplyer) [0x00000] in <filename unknown>:0 
  at FireProjectile.Update () [0x00000] in <filename unknown>:0 
 
(Filename:  Line: -1)

NullReferenceException: Object reference not set to an instance of an object
  at FireProjectile.Fire (Single power, Single multiplyer) [0x00000] in <filename unknown>:0 
  at FireProjectile.Update () [0x00000] in <filename unknown>:0 
 
(Filename:  Line: -1)

NullReferenceException: Object reference not set to an instance of an object
  at FireProjectile.Fire (Single power, Single multiplyer) [0x00000] in <filename unknown>:0 
  at FireProjectile.Update () [0x00000] in <filename unknown>:0 
 
(Filename:  Line: -1)

NullReferenceException: Object reference not set to an instance of an object
  at FireProjectile.Fire (Single power, Single multiplyer) [0x00000] in <filename unknown>:0 
  at FireProjectile.Update () [0x00000] in <filename unknown>:0 
 
(Filename:  Line: -1)

NullReferenceException: Object reference not set to an instance of an object
  at FireProjectile.Fire (Single power, Single multiplyer) [0x00000] in <filename unknown>:0 
  at FireProjectile.Update () [0x00000] in <filename unknown>:0 
 
(Filename:  Line: -1)

NullReferenceException: Object reference not set to an instance of an object
  at FireProjectile.Fire (Single power, Single multiplyer) [0x00000] in <filename unknown>:0 
  at FireProjectile.Update () [0x00000] in <filename unknown>:0 
 
(Filename:  Line: -1)

